2025-07-22 20:27:17,655 INFO use local db service for init

2025-07-22 20:27:18,012 WARN Lexical error at line 4, column 66.  Encountered: <EOF> after : "".

2025-07-22 20:27:18,017 WARN Syntax error: Encountered "*" at line 1, column 1.

2025-07-22 20:27:18,056 WARN Table/View 'CONFIG_INFO' already exists in Schema 'NACOS'.

2025-07-22 20:27:18,101 WARN Table/View 'HIS_CONFIG_INFO' already exists in Schema 'NACOS'.

2025-07-22 20:27:18,120 WARN Table/View 'CONFIG_INFO_BETA' already exists in Schema 'NACOS'.

2025-07-22 20:27:18,127 WARN Table/View 'CONFIG_INFO_TAG' already exists in Schema 'NACOS'.

2025-07-22 20:27:18,136 WARN Table/View 'CONFIG_INFO_AGGR' already exists in Schema 'NACOS'.

2025-07-22 20:27:18,144 WARN Table/View 'APP_LIST' already exists in Schema 'NACOS'.

2025-07-22 20:27:18,149 WARN Table/View 'APP_CONFIGDATA_RELATION_SUBS' already exists in Schema 'NACOS'.

2025-07-22 20:27:18,154 WARN Table/View 'APP_CONFIGDATA_RELATION_PUBS' already exists in Schema 'NACOS'.

2025-07-22 20:27:18,160 WARN Table/View 'CONFIG_TAGS_RELATION' already exists in Schema 'NACOS'.

2025-07-22 20:27:18,168 WARN Table/View 'GROUP_CAPACITY' already exists in Schema 'NACOS'.

2025-07-22 20:27:18,174 WARN Table/View 'TENANT_CAPACITY' already exists in Schema 'NACOS'.

2025-07-22 20:27:18,180 WARN Table/View 'TENANT_INFO' already exists in Schema 'NACOS'.

2025-07-22 20:27:18,189 WARN Table/View 'USERS' already exists in Schema 'NACOS'.

2025-07-22 20:27:18,194 WARN Table/View 'ROLES' already exists in Schema 'NACOS'.

2025-07-22 20:27:18,199 WARN Table/View 'PERMISSIONS' already exists in Schema 'NACOS'.

2025-07-22 20:27:18,244 WARN The statement was aborted because it would have caused a duplicate key value in a unique or primary key constraint or unique index identified by 'SQL250613211511340' defined on 'USERS'.

2025-07-22 20:27:18,250 WARN The statement was aborted because it would have caused a duplicate key value in a unique or primary key constraint or unique index identified by 'UK_USERNAME_ROLE' defined on 'ROLES'.

2025-07-22 20:27:18,250 WARN Lexical error at line 4, column 13.  Encountered: "`" (96), after : "".

2025-07-22 20:27:18,251 WARN Lexical error at line 1, column 13.  Encountered: "`" (96), after : "".

2025-07-22 20:27:18,251 WARN Lexical error at line 1, column 13.  Encountered: "`" (96), after : "".

2025-07-22 20:27:18,251 WARN Lexical error at line 1, column 13.  Encountered: "`" (96), after : "".

2025-07-22 20:27:18,251 INFO use StandaloneDatabaseOperateImpl

