2025-07-22 20:27:12,338 INFO Starting Nacos v2.3.2 using Java 21.0.5 on QAQ-20240705WIH with PID 2188 (D:\谷粒商城\gulimall\nacos\target\nacos-server.jar started by Dell in D:\谷粒商城\gulimall\nacos\bin)

2025-07-22 20:27:12,340 INFO The following 1 profile is active: "standalone"

2025-07-22 20:27:12,575 INFO Load Nacos package exclude filter success, package prefix com.alibaba.nacos.config.server, filter com.alibaba.nacos.config.server.filter.ConfigEnabledFilter

2025-07-22 20:27:12,576 INFO Load Nacos package exclude filter success, package prefix com.alibaba.nacos.naming, filter com.alibaba.nacos.naming.config.NamingEnabledFilter

2025-07-22 20:27:12,577 INFO Load Nacos package exclude filter success, package prefix com.alibaba.nacos.istio, filter com.alibaba.nacos.istio.config.IstioEnabledFilter

2025-07-22 20:27:12,863 INFO Skip @SpringBootApplication annotation for class com.alibaba.nacos.config.server.Config to avoid duplicate scan

2025-07-22 20:27:13,065 INFO Skip @SpringBootApplication annotation for class com.alibaba.nacos.naming.NamingApp to avoid duplicate scan

2025-07-22 20:27:13,084 INFO Skip @SpringBootApplication annotation for class com.alibaba.nacos.cmdb.CmdbApp to avoid duplicate scan

2025-07-22 20:27:13,099 WARN Istio module disabled because set nacos.extension.naming.istio.enabled as false

2025-07-22 20:27:13,099 WARN Istio module disabled because set nacos.extension.naming.istio.enabled as false

2025-07-22 20:27:13,099 WARN Istio module disabled because set nacos.extension.naming.istio.enabled as false

2025-07-22 20:27:13,099 WARN Istio module disabled because set nacos.extension.naming.istio.enabled as false

2025-07-22 20:27:13,100 WARN Istio module disabled because set nacos.extension.naming.istio.enabled as false

2025-07-22 20:27:13,100 WARN Istio module disabled because set nacos.extension.naming.istio.enabled as false

2025-07-22 20:27:13,100 WARN Istio module disabled because set nacos.extension.naming.istio.enabled as false

2025-07-22 20:27:13,100 WARN Istio module disabled because set nacos.extension.naming.istio.enabled as false

2025-07-22 20:27:13,100 WARN Istio module disabled because set nacos.extension.naming.istio.enabled as false

2025-07-22 20:27:13,100 WARN Istio module disabled because set nacos.extension.naming.istio.enabled as false

2025-07-22 20:27:13,101 WARN Istio module disabled because set nacos.extension.naming.istio.enabled as false

2025-07-22 20:27:13,101 WARN Istio module disabled because set nacos.extension.naming.istio.enabled as false

2025-07-22 20:27:13,101 WARN Istio module disabled because set nacos.extension.naming.istio.enabled as false

2025-07-22 20:27:13,101 WARN Istio module disabled because set nacos.extension.naming.istio.enabled as false

2025-07-22 20:27:13,101 WARN Istio module disabled because set nacos.extension.naming.istio.enabled as false

2025-07-22 20:27:13,101 WARN Istio module disabled because set nacos.extension.naming.istio.enabled as false

2025-07-22 20:27:13,101 WARN Istio module disabled because set nacos.extension.naming.istio.enabled as false

2025-07-22 20:27:13,102 WARN Istio module disabled because set nacos.extension.naming.istio.enabled as false

2025-07-22 20:27:13,102 WARN Istio module disabled because set nacos.extension.naming.istio.enabled as false

2025-07-22 20:27:13,102 WARN Istio module disabled because set nacos.extension.naming.istio.enabled as false

2025-07-22 20:27:13,102 WARN Istio module disabled because set nacos.extension.naming.istio.enabled as false

2025-07-22 20:27:13,102 WARN Istio module disabled because set nacos.extension.naming.istio.enabled as false

2025-07-22 20:27:13,102 WARN Istio module disabled because set nacos.extension.naming.istio.enabled as false

2025-07-22 20:27:13,102 WARN Istio module disabled because set nacos.extension.naming.istio.enabled as false

2025-07-22 20:27:13,103 WARN Istio module disabled because set nacos.extension.naming.istio.enabled as false

2025-07-22 20:27:13,103 INFO Skip @SpringBootApplication annotation for class com.alibaba.nacos.istio.IstioApp to avoid duplicate scan

2025-07-22 20:27:13,103 WARN Istio module disabled because set nacos.extension.naming.istio.enabled as false

2025-07-22 20:27:13,103 WARN Istio module disabled because set nacos.extension.naming.istio.enabled as false

2025-07-22 20:27:13,103 WARN Istio module disabled because set nacos.extension.naming.istio.enabled as false

2025-07-22 20:27:13,103 WARN Istio module disabled because set nacos.extension.naming.istio.enabled as false

2025-07-22 20:27:13,103 WARN Istio module disabled because set nacos.extension.naming.istio.enabled as false

2025-07-22 20:27:13,103 WARN Istio module disabled because set nacos.extension.naming.istio.enabled as false

2025-07-22 20:27:13,104 WARN Istio module disabled because set nacos.extension.naming.istio.enabled as false

2025-07-22 20:27:13,104 WARN Istio module disabled because set nacos.extension.naming.istio.enabled as false

2025-07-22 20:27:13,104 WARN Istio module disabled because set nacos.extension.naming.istio.enabled as false

2025-07-22 20:27:13,104 WARN Istio module disabled because set nacos.extension.naming.istio.enabled as false

2025-07-22 20:27:13,104 WARN Istio module disabled because set nacos.extension.naming.istio.enabled as false

2025-07-22 20:27:13,597 INFO Skip @SpringBootApplication annotation for class com.alibaba.nacos.prometheus.PrometheusApp to avoid duplicate scan

2025-07-22 20:27:16,111 INFO Tomcat initialized with port(s): 8848 (http)

2025-07-22 20:27:16,475 INFO Starting service [Tomcat]

2025-07-22 20:27:16,475 INFO Starting Servlet engine: [Apache Tomcat/9.0.83]

2025-07-22 20:27:16,622 INFO Initializing Spring embedded WebApplicationContext

2025-07-22 20:27:16,622 INFO Root WebApplicationContext: initialization completed in 4170 ms

2025-07-22 20:27:16,903 INFO Nacos-related cluster resource initialization

2025-07-22 20:27:16,913 INFO Load com.alibaba.nacos.core.ability.RemoteAbilityInitializer for ServerAbilityInitializer

2025-07-22 20:27:16,913 INFO Load com.alibaba.nacos.naming.ability.NamingAbilityInitializer for ServerAbilityInitializer

2025-07-22 20:27:16,918 INFO The cluster resource is initialized

2025-07-22 20:27:17,670 INFO HikariPool-1 - Starting...

2025-07-22 20:27:17,681 WARN Registered driver with driverClassName=org.apache.derby.jdbc.EmbeddedDriver was not found, trying direct instantiation.

2025-07-22 20:27:17,934 INFO HikariPool-1 - Driver does not support get/set network timeout for connections. (Feature not implemented: No details.)

2025-07-22 20:27:17,936 INFO HikariPool-1 - Start completed.

2025-07-22 20:27:18,267 INFO [MapperManager] Load Mapper(class com.alibaba.nacos.plugin.datasource.impl.mysql.ConfigInfoAggrMapperByMySql) datasource(mysql) tableName(config_info_aggr) successfully.

2025-07-22 20:27:18,267 INFO [MapperManager] Load Mapper(class com.alibaba.nacos.plugin.datasource.impl.mysql.ConfigInfoBetaMapperByMySql) datasource(mysql) tableName(config_info_beta) successfully.

2025-07-22 20:27:18,267 INFO [MapperManager] Load Mapper(class com.alibaba.nacos.plugin.datasource.impl.mysql.ConfigInfoMapperByMySql) datasource(mysql) tableName(config_info) successfully.

2025-07-22 20:27:18,267 INFO [MapperManager] Load Mapper(class com.alibaba.nacos.plugin.datasource.impl.mysql.ConfigInfoTagMapperByMySql) datasource(mysql) tableName(config_info_tag) successfully.

2025-07-22 20:27:18,267 INFO [MapperManager] Load Mapper(class com.alibaba.nacos.plugin.datasource.impl.mysql.ConfigTagsRelationMapperByMySql) datasource(mysql) tableName(config_tags_relation) successfully.

2025-07-22 20:27:18,267 INFO [MapperManager] Load Mapper(class com.alibaba.nacos.plugin.datasource.impl.mysql.HistoryConfigInfoMapperByMySql) datasource(mysql) tableName(his_config_info) successfully.

2025-07-22 20:27:18,267 INFO [MapperManager] Load Mapper(class com.alibaba.nacos.plugin.datasource.impl.mysql.TenantInfoMapperByMySql) datasource(mysql) tableName(tenant_info) successfully.

2025-07-22 20:27:18,267 INFO [MapperManager] Load Mapper(class com.alibaba.nacos.plugin.datasource.impl.mysql.TenantCapacityMapperByMySql) datasource(mysql) tableName(tenant_capacity) successfully.

2025-07-22 20:27:18,267 INFO [MapperManager] Load Mapper(class com.alibaba.nacos.plugin.datasource.impl.mysql.GroupCapacityMapperByMysql) datasource(mysql) tableName(group_capacity) successfully.

2025-07-22 20:27:18,268 INFO [MapperManager] Load Mapper(class com.alibaba.nacos.plugin.datasource.impl.derby.ConfigInfoAggrMapperByDerby) datasource(derby) tableName(config_info_aggr) successfully.

2025-07-22 20:27:18,268 INFO [MapperManager] Load Mapper(class com.alibaba.nacos.plugin.datasource.impl.derby.ConfigInfoBetaMapperByDerby) datasource(derby) tableName(config_info_beta) successfully.

2025-07-22 20:27:18,268 INFO [MapperManager] Load Mapper(class com.alibaba.nacos.plugin.datasource.impl.derby.ConfigInfoMapperByDerby) datasource(derby) tableName(config_info) successfully.

2025-07-22 20:27:18,268 INFO [MapperManager] Load Mapper(class com.alibaba.nacos.plugin.datasource.impl.derby.ConfigInfoTagMapperByDerby) datasource(derby) tableName(config_info_tag) successfully.

2025-07-22 20:27:18,268 INFO [MapperManager] Load Mapper(class com.alibaba.nacos.plugin.datasource.impl.derby.ConfigInfoTagsRelationMapperByDerby) datasource(derby) tableName(config_tags_relation) successfully.

2025-07-22 20:27:18,268 INFO [MapperManager] Load Mapper(class com.alibaba.nacos.plugin.datasource.impl.derby.HistoryConfigInfoMapperByDerby) datasource(derby) tableName(his_config_info) successfully.

2025-07-22 20:27:18,268 INFO [MapperManager] Load Mapper(class com.alibaba.nacos.plugin.datasource.impl.derby.TenantInfoMapperByDerby) datasource(derby) tableName(tenant_info) successfully.

2025-07-22 20:27:18,268 INFO [MapperManager] Load Mapper(class com.alibaba.nacos.plugin.datasource.impl.derby.TenantCapacityMapperByDerby) datasource(derby) tableName(tenant_capacity) successfully.

2025-07-22 20:27:18,268 INFO [MapperManager] Load Mapper(class com.alibaba.nacos.plugin.datasource.impl.derby.GroupCapacityMapperByDerby) datasource(derby) tableName(group_capacity) successfully.

2025-07-22 20:27:18,914 INFO Fail to find connection runtime ejector for name nacos,use default

2025-07-22 20:27:18,988 INFO Not configure type of control plugin, no limit control for current node.

2025-07-22 20:27:18,990 INFO Load connection metrics collector,size=2,[com.alibaba.nacos.config.server.service.LongPollingConnectionMetricsCollector@53ec2968, com.alibaba.nacos.core.remote.LongConnectionMetricsCollector@7e19755a]

2025-07-22 20:27:18,991 INFO No connection rule content found ,use default empty rule 

2025-07-22 20:27:18,996 INFO ConnectionMetrics, totalCount = 0, detail = {long_connection=0, long_polling=0}

2025-07-22 20:27:19,001 INFO No tps control rule of CONFIG_PUSH_COUNT found,content =null  

2025-07-22 20:27:19,001 WARN Tps point for CONFIG_PUSH_COUNT registered, But tps control manager is no limit implementation.

2025-07-22 20:27:19,001 INFO No tps control rule of CONFIG_PUSH_SUCCESS found,content =null  

2025-07-22 20:27:19,001 WARN Tps point for CONFIG_PUSH_SUCCESS registered, But tps control manager is no limit implementation.

2025-07-22 20:27:19,001 INFO No tps control rule of CONFIG_PUSH_FAIL found,content =null  

2025-07-22 20:27:19,001 WARN Tps point for CONFIG_PUSH_FAIL registered, But tps control manager is no limit implementation.

2025-07-22 20:27:19,514 INFO Ready to get current node abilities...

2025-07-22 20:27:19,517 INFO Ready to initialize current node abilities, support modes: [CLUSTER_CLIENT, SDK_CLIENT, SERVER]

2025-07-22 20:27:19,517 INFO Initialize current abilities finish...

2025-07-22 20:27:19,518 INFO Ready to get current node abilities...

2025-07-22 20:27:19,518 INFO Ready to initialize current node abilities, support modes: [SDK_CLIENT]

2025-07-22 20:27:19,518 INFO Initialize current abilities finish...

2025-07-22 20:27:19,519 INFO [AbilityControlManager] Successfully initialize AbilityControlManager

2025-07-22 20:27:19,921 INFO Connection check task start

2025-07-22 20:27:19,922 INFO Long connection metrics detail ,Total count =0, sdkCount=0,clusterCount=0

2025-07-22 20:27:19,922 INFO Out dated connection ,size=0

2025-07-22 20:27:19,922 INFO Connection check task end

2025-07-22 20:27:20,899 INFO Will secure any request with [org.springframework.security.web.session.DisableEncodeUrlFilter@2f10f633, org.springframework.security.web.context.request.async.WebAsyncManagerIntegrationFilter@1642eeae, org.springframework.security.web.context.SecurityContextPersistenceFilter@6d67f5eb, org.springframework.security.web.header.HeaderWriterFilter@67536ae0, org.springframework.security.web.csrf.CsrfFilter@315105f, org.springframework.security.web.authentication.logout.LogoutFilter@441fbe89, org.springframework.security.web.savedrequest.RequestCacheAwareFilter@3e1fd62b, org.springframework.security.web.servletapi.SecurityContextHolderAwareRequestFilter@7112ce6, org.springframework.security.web.authentication.AnonymousAuthenticationFilter@3440e9cd, org.springframework.security.web.session.SessionManagementFilter@29c17c3d, org.springframework.security.web.access.ExceptionTranslationFilter@45658133]

2025-07-22 20:27:21,362 INFO Adding welcome page: class path resource [static/index.html]

2025-07-22 20:27:21,835 INFO Exposing 1 endpoint(s) beneath base path '/actuator'

2025-07-22 20:27:21,866 WARN You are asking Spring Security to ignore Ant [pattern='/**']. This is not recommended -- please use permitAll via HttpSecurity#authorizeHttpRequests instead.

2025-07-22 20:27:21,868 INFO Will not secure Ant [pattern='/**']

2025-07-22 20:27:21,869 WARN You are asking Spring Security to ignore Mvc [pattern='/prometheus']. This is not recommended -- please use permitAll via HttpSecurity#authorizeHttpRequests instead.

2025-07-22 20:27:21,872 INFO Will not secure Mvc [pattern='/prometheus']

2025-07-22 20:27:21,873 WARN You are asking Spring Security to ignore Mvc [pattern='/prometheus/namespaceId/{namespaceId}']. This is not recommended -- please use permitAll via HttpSecurity#authorizeHttpRequests instead.

2025-07-22 20:27:21,875 INFO Will not secure Mvc [pattern='/prometheus/namespaceId/{namespaceId}']

2025-07-22 20:27:21,877 WARN You are asking Spring Security to ignore Mvc [pattern='/prometheus/namespaceId/{namespaceId}/service/{service}']. This is not recommended -- please use permitAll via HttpSecurity#authorizeHttpRequests instead.

2025-07-22 20:27:21,878 INFO Will not secure Mvc [pattern='/prometheus/namespaceId/{namespaceId}/service/{service}']

2025-07-22 20:27:21,969 INFO Tomcat started on port(s): 8848 (http) with context path '/nacos'

2025-07-22 20:27:21,995 INFO No TaskScheduler/ScheduledExecutorService bean found for scheduled processing

2025-07-22 20:27:21,997 INFO ConnectionMetrics, totalCount = 0, detail = {long_connection=0, long_polling=0}

2025-07-22 20:27:22,014 INFO No tps control rule of ConfigQuery found,content =null  

2025-07-22 20:27:22,015 WARN Tps point for ConfigQuery registered, But tps control manager is no limit implementation.

2025-07-22 20:27:22,015 INFO No tps control rule of ClusterConfigChangeNotify found,content =null  

2025-07-22 20:27:22,015 WARN Tps point for ClusterConfigChangeNotify registered, But tps control manager is no limit implementation.

2025-07-22 20:27:22,015 INFO No tps control rule of ConfigListen found,content =null  

2025-07-22 20:27:22,015 WARN Tps point for ConfigListen registered, But tps control manager is no limit implementation.

2025-07-22 20:27:22,015 INFO No tps control rule of ConfigRemove found,content =null  

2025-07-22 20:27:22,015 WARN Tps point for ConfigRemove registered, But tps control manager is no limit implementation.

2025-07-22 20:27:22,016 INFO No tps control rule of ConfigPublish found,content =null  

2025-07-22 20:27:22,016 WARN Tps point for ConfigPublish registered, But tps control manager is no limit implementation.

2025-07-22 20:27:22,016 INFO No tps control rule of HealthCheck found,content =null  

2025-07-22 20:27:22,017 WARN Tps point for HealthCheck registered, But tps control manager is no limit implementation.

2025-07-22 20:27:22,017 INFO No tps control rule of RemoteNamingServiceQuery found,content =null  

2025-07-22 20:27:22,017 WARN Tps point for RemoteNamingServiceQuery registered, But tps control manager is no limit implementation.

2025-07-22 20:27:22,017 INFO No tps control rule of RemoteNamingInstanceBatchRegister found,content =null  

2025-07-22 20:27:22,017 WARN Tps point for RemoteNamingInstanceBatchRegister registered, But tps control manager is no limit implementation.

2025-07-22 20:27:22,017 INFO No tps control rule of RemoteNamingInstanceRegisterDeregister found,content =null  

2025-07-22 20:27:22,017 WARN Tps point for RemoteNamingInstanceRegisterDeregister registered, But tps control manager is no limit implementation.

2025-07-22 20:27:22,018 INFO No tps control rule of RemoteNamingServiceListQuery found,content =null  

2025-07-22 20:27:22,018 WARN Tps point for RemoteNamingServiceListQuery registered, But tps control manager is no limit implementation.

2025-07-22 20:27:22,018 INFO No tps control rule of RemoteNamingServiceSubscribeUnSubscribe found,content =null  

2025-07-22 20:27:22,018 WARN Tps point for RemoteNamingServiceSubscribeUnSubscribe registered, But tps control manager is no limit implementation.

2025-07-22 20:27:22,018 WARN Tps point for RemoteNamingInstanceRegisterDeregister registered, But tps control manager is no limit implementation.

2025-07-22 20:27:22,018 INFO No tps control rule of NamingServiceUpdate found,content =null  

2025-07-22 20:27:22,018 WARN Tps point for NamingServiceUpdate registered, But tps control manager is no limit implementation.

2025-07-22 20:27:22,018 WARN Tps point for NamingServiceUpdate registered, But tps control manager is no limit implementation.

2025-07-22 20:27:22,019 INFO No tps control rule of NamingServiceSubscribe found,content =null  

2025-07-22 20:27:22,019 WARN Tps point for NamingServiceSubscribe registered, But tps control manager is no limit implementation.

2025-07-22 20:27:22,019 INFO No tps control rule of NamingInstanceRegister found,content =null  

2025-07-22 20:27:22,019 WARN Tps point for NamingInstanceRegister registered, But tps control manager is no limit implementation.

2025-07-22 20:27:22,019 WARN Tps point for ConfigPublish registered, But tps control manager is no limit implementation.

2025-07-22 20:27:22,019 INFO No tps control rule of NamingInstanceUpdate found,content =null  

2025-07-22 20:27:22,019 WARN Tps point for NamingInstanceUpdate registered, But tps control manager is no limit implementation.

2025-07-22 20:27:22,019 INFO No tps control rule of NamingServiceQuery found,content =null  

2025-07-22 20:27:22,019 WARN Tps point for NamingServiceQuery registered, But tps control manager is no limit implementation.

2025-07-22 20:27:22,019 INFO No tps control rule of HttpHealthCheck found,content =null  

2025-07-22 20:27:22,019 WARN Tps point for HttpHealthCheck registered, But tps control manager is no limit implementation.

2025-07-22 20:27:22,019 INFO No tps control rule of NamingServiceDeregister found,content =null  

2025-07-22 20:27:22,019 WARN Tps point for NamingServiceDeregister registered, But tps control manager is no limit implementation.

2025-07-22 20:27:22,020 WARN Tps point for ConfigQuery registered, But tps control manager is no limit implementation.

2025-07-22 20:27:22,020 INFO No tps control rule of NamingInstanceQuery found,content =null  

2025-07-22 20:27:22,020 WARN Tps point for NamingInstanceQuery registered, But tps control manager is no limit implementation.

2025-07-22 20:27:22,020 WARN Tps point for NamingInstanceUpdate registered, But tps control manager is no limit implementation.

2025-07-22 20:27:22,020 INFO No tps control rule of NamingInstanceMetadataUpdate found,content =null  

2025-07-22 20:27:22,020 WARN Tps point for NamingInstanceMetadataUpdate registered, But tps control manager is no limit implementation.

2025-07-22 20:27:22,020 WARN Tps point for NamingInstanceRegister registered, But tps control manager is no limit implementation.

2025-07-22 20:27:22,020 INFO No tps control rule of NamingServiceRegister found,content =null  

2025-07-22 20:27:22,020 WARN Tps point for NamingServiceRegister registered, But tps control manager is no limit implementation.

2025-07-22 20:27:22,020 INFO No tps control rule of NamingInstanceDeregister found,content =null  

2025-07-22 20:27:22,020 WARN Tps point for NamingInstanceDeregister registered, But tps control manager is no limit implementation.

2025-07-22 20:27:22,020 WARN Tps point for NamingInstanceMetadataUpdate registered, But tps control manager is no limit implementation.

2025-07-22 20:27:22,020 WARN Tps point for NamingInstanceQuery registered, But tps control manager is no limit implementation.

2025-07-22 20:27:22,020 WARN Tps point for NamingInstanceMetadataUpdate registered, But tps control manager is no limit implementation.

2025-07-22 20:27:22,020 INFO No tps control rule of NamingServiceListQuery found,content =null  

2025-07-22 20:27:22,020 WARN Tps point for NamingServiceListQuery registered, But tps control manager is no limit implementation.

2025-07-22 20:27:22,020 WARN Tps point for HttpHealthCheck registered, But tps control manager is no limit implementation.

2025-07-22 20:27:22,021 WARN Tps point for NamingServiceListQuery registered, But tps control manager is no limit implementation.

2025-07-22 20:27:22,021 WARN Tps point for NamingServiceRegister registered, But tps control manager is no limit implementation.

2025-07-22 20:27:22,021 WARN Tps point for NamingServiceDeregister registered, But tps control manager is no limit implementation.

2025-07-22 20:27:22,021 WARN Tps point for NamingServiceQuery registered, But tps control manager is no limit implementation.

2025-07-22 20:27:22,021 WARN Tps point for NamingServiceSubscribe registered, But tps control manager is no limit implementation.

2025-07-22 20:27:22,021 WARN Tps point for NamingInstanceMetadataUpdate registered, But tps control manager is no limit implementation.

2025-07-22 20:27:22,021 WARN Tps point for NamingInstanceDeregister registered, But tps control manager is no limit implementation.

2025-07-22 20:27:22,026 INFO Started Nacos in 10.708 seconds (JVM running for 11.358)

2025-07-22 20:27:22,027 INFO Nacos started successfully in stand alone mode. use embedded storage

2025-07-22 20:27:22,745 INFO new connection registered successfully, connectionId = 1753187242505_127.0.0.1_54714,connection=Connection{traced=false, abilities=null, metaInfo=ConnectionMeta{connectType='GRPC', clientIp='192.168.1.55', remoteIp='127.0.0.1', remotePort=54714, localPort=9848, version='Nacos-Java-Client:v2.0.4', connectionId='1753187242505_127.0.0.1_54714', createTime=Tue Jul 22 20:27:22 CST 2025, lastActiveTime=1753187242720, appName='-', tenant='null', labels={module=naming, source=sdk}}} 

2025-07-22 20:27:22,745 INFO new connection registered successfully, connectionId = 1753187242500_127.0.0.1_54713,connection=Connection{traced=false, abilities=null, metaInfo=ConnectionMeta{connectType='GRPC', clientIp='192.168.1.55', remoteIp='127.0.0.1', remotePort=54713, localPort=9848, version='Nacos-Java-Client:v2.0.4', connectionId='1753187242500_127.0.0.1_54713', createTime=Tue Jul 22 20:27:22 CST 2025, lastActiveTime=1753187242722, appName='-', tenant='null', labels={module=naming, source=sdk}}} 

2025-07-22 20:27:22,922 INFO Connection check task start

2025-07-22 20:27:22,923 INFO Long connection metrics detail ,Total count =2, sdkCount=2,clusterCount=0

2025-07-22 20:27:22,923 INFO Out dated connection ,size=0

2025-07-22 20:27:22,923 INFO Connection check task end

2025-07-22 20:27:23,623 INFO Get ParamCheck config from env, ParamCheckConfig{paramCheckEnabled=trueactiveParamChecker=default}

2025-07-22 20:27:23,652 INFO Get Push config from env, PushConfig{pushTaskDelay=500, pushTaskTimeout=5000, pushTaskRetryDelay=1000}

2025-07-22 20:27:24,175 INFO No tps control rule of NAMING_RPC_PUSH found,content =null  

2025-07-22 20:27:24,175 WARN Tps point for NAMING_RPC_PUSH registered, But tps control manager is no limit implementation.

2025-07-22 20:27:24,175 INFO No tps control rule of NAMING_RPC_PUSH_SUCCESS found,content =null  

2025-07-22 20:27:24,175 WARN Tps point for NAMING_RPC_PUSH_SUCCESS registered, But tps control manager is no limit implementation.

2025-07-22 20:27:24,175 INFO No tps control rule of NAMING_RPC_PUSH_FAIL found,content =null  

2025-07-22 20:27:24,175 WARN Tps point for NAMING_RPC_PUSH_FAIL registered, But tps control manager is no limit implementation.

2025-07-22 20:27:24,176 INFO No tps control rule of NAMING_UDP_PUSH found,content =null  

2025-07-22 20:27:24,176 WARN Tps point for NAMING_UDP_PUSH registered, But tps control manager is no limit implementation.

2025-07-22 20:27:24,176 INFO No tps control rule of NAMING_UDP_PUSH_SUCCESS found,content =null  

2025-07-22 20:27:24,176 WARN Tps point for NAMING_UDP_PUSH_SUCCESS registered, But tps control manager is no limit implementation.

2025-07-22 20:27:24,177 INFO No tps control rule of NAMING_UDP_PUSH_FAIL found,content =null  

2025-07-22 20:27:24,177 WARN Tps point for NAMING_UDP_PUSH_FAIL registered, But tps control manager is no limit implementation.

2025-07-22 20:27:24,177 INFO No tps control rule of NAMING_DISTRO_SYNC found,content =null  

2025-07-22 20:27:24,177 WARN Tps point for NAMING_DISTRO_SYNC registered, But tps control manager is no limit implementation.

2025-07-22 20:27:24,177 INFO No tps control rule of NAMING_DISTRO_SYNC_SUCCESS found,content =null  

2025-07-22 20:27:24,177 WARN Tps point for NAMING_DISTRO_SYNC_SUCCESS registered, But tps control manager is no limit implementation.

2025-07-22 20:27:24,177 INFO No tps control rule of NAMING_DISTRO_SYNC_FAIL found,content =null  

2025-07-22 20:27:24,177 WARN Tps point for NAMING_DISTRO_SYNC_FAIL registered, But tps control manager is no limit implementation.

2025-07-22 20:27:24,177 INFO No tps control rule of NAMING_DISTRO_VERIFY found,content =null  

2025-07-22 20:27:24,177 WARN Tps point for NAMING_DISTRO_VERIFY registered, But tps control manager is no limit implementation.

2025-07-22 20:27:24,177 INFO No tps control rule of NAMING_DISTRO_VERIFY_SUCCESS found,content =null  

2025-07-22 20:27:24,177 WARN Tps point for NAMING_DISTRO_VERIFY_SUCCESS registered, But tps control manager is no limit implementation.

2025-07-22 20:27:24,177 INFO No tps control rule of NAMING_DISTRO_VERIFY_FAIL found,content =null  

2025-07-22 20:27:24,177 WARN Tps point for NAMING_DISTRO_VERIFY_FAIL registered, But tps control manager is no limit implementation.

2025-07-22 20:27:25,000 INFO ConnectionMetrics, totalCount = 2, detail = {long_connection=2, long_polling=0}

2025-07-22 20:27:25,924 INFO Connection check task start

2025-07-22 20:27:25,924 INFO Long connection metrics detail ,Total count =2, sdkCount=2,clusterCount=0

2025-07-22 20:27:25,924 INFO Out dated connection ,size=0

2025-07-22 20:27:25,925 INFO Connection check task end

2025-07-22 20:27:28,003 INFO ConnectionMetrics, totalCount = 2, detail = {long_connection=2, long_polling=0}

2025-07-22 20:27:28,927 INFO Connection check task start

2025-07-22 20:27:28,927 INFO Long connection metrics detail ,Total count =2, sdkCount=2,clusterCount=0

2025-07-22 20:27:28,927 INFO Out dated connection ,size=0

2025-07-22 20:27:28,927 INFO Connection check task end

2025-07-22 20:27:31,006 INFO ConnectionMetrics, totalCount = 2, detail = {long_connection=2, long_polling=0}

2025-07-22 20:27:31,930 INFO Connection check task start

2025-07-22 20:27:31,930 INFO Long connection metrics detail ,Total count =2, sdkCount=2,clusterCount=0

2025-07-22 20:27:31,930 INFO Out dated connection ,size=0

2025-07-22 20:27:31,930 INFO Connection check task end

2025-07-22 20:27:33,458 INFO Initializing Spring DispatcherServlet 'dispatcherServlet'

2025-07-22 20:27:33,458 INFO Initializing Servlet 'dispatcherServlet'

2025-07-22 20:27:33,460 INFO Completed initialization in 2 ms

2025-07-22 20:27:33,729 INFO [AuthPluginManager] Load AuthPluginService(class com.alibaba.nacos.plugin.auth.impl.NacosAuthPluginService) AuthServiceName(nacos) successfully.

2025-07-22 20:27:33,729 INFO [AuthPluginManager] Load AuthPluginService(class com.alibaba.nacos.plugin.auth.impl.LdapAuthPluginService) AuthServiceName(ldap) successfully.

2025-07-22 20:27:34,008 INFO ConnectionMetrics, totalCount = 2, detail = {long_connection=2, long_polling=0}

2025-07-22 20:27:34,935 INFO Connection check task start

2025-07-22 20:27:34,935 INFO Long connection metrics detail ,Total count =2, sdkCount=2,clusterCount=0

2025-07-22 20:27:34,935 INFO Out dated connection ,size=0

2025-07-22 20:27:34,935 INFO Connection check task end

2025-07-22 20:27:37,010 INFO ConnectionMetrics, totalCount = 2, detail = {long_connection=2, long_polling=0}

2025-07-22 20:27:37,936 INFO Connection check task start

2025-07-22 20:27:37,936 INFO Long connection metrics detail ,Total count =2, sdkCount=2,clusterCount=0

2025-07-22 20:27:37,936 INFO Out dated connection ,size=0

2025-07-22 20:27:37,936 INFO Connection check task end

2025-07-22 20:27:40,013 INFO ConnectionMetrics, totalCount = 2, detail = {long_connection=2, long_polling=0}

2025-07-22 20:27:40,939 INFO Connection check task start

2025-07-22 20:27:40,939 INFO Long connection metrics detail ,Total count =2, sdkCount=2,clusterCount=0

2025-07-22 20:27:40,939 INFO Out dated connection ,size=0

2025-07-22 20:27:40,939 INFO Connection check task end

2025-07-22 20:27:41,176 ERROR got exception. errCode: 500, errMsg: do metadata operation failed 

2025-07-22 20:27:43,013 INFO ConnectionMetrics, totalCount = 2, detail = {long_connection=2, long_polling=0}

2025-07-22 20:27:43,941 INFO Connection check task start

2025-07-22 20:27:43,942 INFO Long connection metrics detail ,Total count =2, sdkCount=2,clusterCount=0

2025-07-22 20:27:43,942 INFO Out dated connection ,size=0

2025-07-22 20:27:43,942 INFO Connection check task end

2025-07-22 20:27:46,015 INFO ConnectionMetrics, totalCount = 2, detail = {long_connection=2, long_polling=0}

2025-07-22 20:27:46,953 INFO Connection check task start

2025-07-22 20:27:46,953 INFO Long connection metrics detail ,Total count =2, sdkCount=2,clusterCount=0

2025-07-22 20:27:46,953 INFO Out dated connection ,size=0

2025-07-22 20:27:46,953 INFO Connection check task end

2025-07-22 20:27:49,015 INFO ConnectionMetrics, totalCount = 2, detail = {long_connection=2, long_polling=0}

2025-07-22 20:27:49,955 INFO Connection check task start

2025-07-22 20:27:49,955 INFO Long connection metrics detail ,Total count =2, sdkCount=2,clusterCount=0

2025-07-22 20:27:49,955 INFO Out dated connection ,size=0

2025-07-22 20:27:49,955 INFO Connection check task end

2025-07-22 20:27:52,017 INFO ConnectionMetrics, totalCount = 2, detail = {long_connection=2, long_polling=0}

2025-07-22 20:27:52,958 INFO Connection check task start

2025-07-22 20:27:52,958 INFO Long connection metrics detail ,Total count =2, sdkCount=2,clusterCount=0

2025-07-22 20:27:52,958 INFO Out dated connection ,size=0

2025-07-22 20:27:52,958 INFO Connection check task end

2025-07-22 20:27:55,020 INFO ConnectionMetrics, totalCount = 2, detail = {long_connection=2, long_polling=0}

2025-07-22 20:27:55,961 INFO Connection check task start

2025-07-22 20:27:55,961 INFO Long connection metrics detail ,Total count =2, sdkCount=2,clusterCount=0

2025-07-22 20:27:55,961 INFO Out dated connection ,size=0

2025-07-22 20:27:55,961 INFO Connection check task end

2025-07-22 20:27:58,022 INFO ConnectionMetrics, totalCount = 2, detail = {long_connection=2, long_polling=0}

2025-07-22 20:27:58,962 INFO Connection check task start

2025-07-22 20:27:58,962 INFO Long connection metrics detail ,Total count =2, sdkCount=2,clusterCount=0

2025-07-22 20:27:58,962 INFO Out dated connection ,size=0

2025-07-22 20:27:58,962 INFO Connection check task end

2025-07-22 20:28:01,026 INFO ConnectionMetrics, totalCount = 2, detail = {long_connection=2, long_polling=0}

2025-07-22 20:28:01,966 INFO Connection check task start

2025-07-22 20:28:01,966 INFO Long connection metrics detail ,Total count =2, sdkCount=2,clusterCount=0

2025-07-22 20:28:01,966 INFO Out dated connection ,size=0

2025-07-22 20:28:01,966 INFO Connection check task end

2025-07-22 20:28:04,028 INFO ConnectionMetrics, totalCount = 2, detail = {long_connection=2, long_polling=0}

2025-07-22 20:28:04,968 INFO Connection check task start

2025-07-22 20:28:04,968 INFO Long connection metrics detail ,Total count =2, sdkCount=2,clusterCount=0

2025-07-22 20:28:04,968 INFO Out dated connection ,size=0

2025-07-22 20:28:04,968 INFO Connection check task end

2025-07-22 20:28:07,029 INFO ConnectionMetrics, totalCount = 2, detail = {long_connection=2, long_polling=0}

2025-07-22 20:28:07,972 INFO Connection check task start

2025-07-22 20:28:07,972 INFO Long connection metrics detail ,Total count =2, sdkCount=2,clusterCount=0

2025-07-22 20:28:07,972 INFO Out dated connection ,size=0

2025-07-22 20:28:07,972 INFO Connection check task end

2025-07-22 20:28:10,030 INFO ConnectionMetrics, totalCount = 2, detail = {long_connection=2, long_polling=0}

2025-07-22 20:28:10,973 INFO Connection check task start

2025-07-22 20:28:10,973 INFO Long connection metrics detail ,Total count =2, sdkCount=2,clusterCount=0

2025-07-22 20:28:10,973 INFO Out dated connection ,size=0

2025-07-22 20:28:10,973 INFO Connection check task end

2025-07-22 20:28:13,031 INFO ConnectionMetrics, totalCount = 2, detail = {long_connection=2, long_polling=0}

2025-07-22 20:28:13,974 INFO Connection check task start

2025-07-22 20:28:13,974 INFO Long connection metrics detail ,Total count =2, sdkCount=2,clusterCount=0

2025-07-22 20:28:13,974 INFO Out dated connection ,size=0

2025-07-22 20:28:13,974 INFO Connection check task end

2025-07-22 20:28:16,033 INFO ConnectionMetrics, totalCount = 2, detail = {long_connection=2, long_polling=0}

2025-07-22 20:28:16,978 INFO Connection check task start

2025-07-22 20:28:16,978 INFO Long connection metrics detail ,Total count =2, sdkCount=2,clusterCount=0

2025-07-22 20:28:16,978 INFO Out dated connection ,size=0

2025-07-22 20:28:16,978 INFO Connection check task end

2025-07-22 20:28:19,036 INFO ConnectionMetrics, totalCount = 2, detail = {long_connection=2, long_polling=0}

2025-07-22 20:28:19,981 INFO Connection check task start

2025-07-22 20:28:19,981 INFO Long connection metrics detail ,Total count =2, sdkCount=2,clusterCount=0

2025-07-22 20:28:19,981 INFO Out dated connection ,size=0

2025-07-22 20:28:19,981 INFO Connection check task end

2025-07-22 20:28:22,040 INFO ConnectionMetrics, totalCount = 2, detail = {long_connection=2, long_polling=0}

2025-07-22 20:28:22,982 INFO Connection check task start

2025-07-22 20:28:22,982 INFO Long connection metrics detail ,Total count =2, sdkCount=2,clusterCount=0

2025-07-22 20:28:22,982 INFO Out dated connection ,size=0

2025-07-22 20:28:22,982 INFO Connection check task end

2025-07-22 20:28:25,043 INFO ConnectionMetrics, totalCount = 2, detail = {long_connection=2, long_polling=0}

2025-07-22 20:28:25,983 INFO Connection check task start

2025-07-22 20:28:25,983 INFO Long connection metrics detail ,Total count =2, sdkCount=2,clusterCount=0

2025-07-22 20:28:25,983 INFO Out dated connection ,size=0

2025-07-22 20:28:25,983 INFO Connection check task end

2025-07-22 20:28:28,047 INFO ConnectionMetrics, totalCount = 2, detail = {long_connection=2, long_polling=0}

2025-07-22 20:28:28,984 INFO Connection check task start

2025-07-22 20:28:28,984 INFO Long connection metrics detail ,Total count =2, sdkCount=2,clusterCount=0

2025-07-22 20:28:28,984 INFO Out dated connection ,size=0

2025-07-22 20:28:28,984 INFO Connection check task end

2025-07-22 20:28:31,052 INFO ConnectionMetrics, totalCount = 2, detail = {long_connection=2, long_polling=0}

2025-07-22 20:28:31,985 INFO Connection check task start

2025-07-22 20:28:31,985 INFO Long connection metrics detail ,Total count =2, sdkCount=2,clusterCount=0

2025-07-22 20:28:31,985 INFO Out dated connection ,size=0

2025-07-22 20:28:31,986 INFO Connection check task end

2025-07-22 20:28:34,054 INFO ConnectionMetrics, totalCount = 2, detail = {long_connection=2, long_polling=0}

2025-07-22 20:28:34,989 INFO Connection check task start

2025-07-22 20:28:34,989 INFO Long connection metrics detail ,Total count =2, sdkCount=2,clusterCount=0

2025-07-22 20:28:34,989 INFO Out dated connection ,size=0

2025-07-22 20:28:34,989 INFO Connection check task end

2025-07-22 20:28:37,057 INFO ConnectionMetrics, totalCount = 2, detail = {long_connection=2, long_polling=0}

2025-07-22 20:28:37,991 INFO Connection check task start

2025-07-22 20:28:37,991 INFO Long connection metrics detail ,Total count =2, sdkCount=2,clusterCount=0

2025-07-22 20:28:37,991 INFO Out dated connection ,size=0

2025-07-22 20:28:37,991 INFO Connection check task end

2025-07-22 20:28:40,057 INFO ConnectionMetrics, totalCount = 2, detail = {long_connection=2, long_polling=0}

2025-07-22 20:28:40,993 INFO Connection check task start

2025-07-22 20:28:40,993 INFO Long connection metrics detail ,Total count =2, sdkCount=2,clusterCount=0

2025-07-22 20:28:40,993 INFO Out dated connection ,size=0

2025-07-22 20:28:40,993 INFO Connection check task end

2025-07-22 20:28:41,847 ERROR got exception. errCode: 500, errMsg: do metadata operation failed 

2025-07-22 20:28:43,059 INFO ConnectionMetrics, totalCount = 2, detail = {long_connection=2, long_polling=0}

2025-07-22 20:28:43,996 INFO Connection check task start

2025-07-22 20:28:43,996 INFO Long connection metrics detail ,Total count =2, sdkCount=2,clusterCount=0

2025-07-22 20:28:43,996 INFO Out dated connection ,size=0

2025-07-22 20:28:43,996 INFO Connection check task end

2025-07-22 20:28:44,146 ERROR got exception. errCode: 500, errMsg: do metadata operation failed 

2025-07-22 20:28:46,062 INFO ConnectionMetrics, totalCount = 2, detail = {long_connection=2, long_polling=0}

2025-07-22 20:28:46,996 INFO Connection check task start

2025-07-22 20:28:46,996 INFO Long connection metrics detail ,Total count =2, sdkCount=2,clusterCount=0

2025-07-22 20:28:46,996 INFO Out dated connection ,size=0

2025-07-22 20:28:46,996 INFO Connection check task end

2025-07-22 20:28:49,065 INFO ConnectionMetrics, totalCount = 2, detail = {long_connection=2, long_polling=0}

2025-07-22 20:28:49,997 INFO Connection check task start

2025-07-22 20:28:49,997 INFO Long connection metrics detail ,Total count =2, sdkCount=2,clusterCount=0

2025-07-22 20:28:49,997 INFO Out dated connection ,size=0

2025-07-22 20:28:49,997 INFO Connection check task end

2025-07-22 20:28:52,067 INFO ConnectionMetrics, totalCount = 2, detail = {long_connection=2, long_polling=0}

2025-07-22 20:28:52,998 INFO Connection check task start

2025-07-22 20:28:52,998 INFO Long connection metrics detail ,Total count =2, sdkCount=2,clusterCount=0

2025-07-22 20:28:52,998 INFO Out dated connection ,size=0

2025-07-22 20:28:52,998 INFO Connection check task end

2025-07-22 20:28:55,068 INFO ConnectionMetrics, totalCount = 2, detail = {long_connection=2, long_polling=0}

2025-07-22 20:28:55,998 INFO Connection check task start

2025-07-22 20:28:55,998 INFO Long connection metrics detail ,Total count =2, sdkCount=2,clusterCount=0

2025-07-22 20:28:55,998 INFO Out dated connection ,size=0

2025-07-22 20:28:55,998 INFO Connection check task end

2025-07-22 20:28:58,071 INFO ConnectionMetrics, totalCount = 2, detail = {long_connection=2, long_polling=0}

2025-07-22 20:28:59,003 INFO Connection check task start

2025-07-22 20:28:59,003 INFO Long connection metrics detail ,Total count =2, sdkCount=2,clusterCount=0

2025-07-22 20:28:59,003 INFO Out dated connection ,size=0

2025-07-22 20:28:59,003 INFO Connection check task end

2025-07-22 20:29:01,072 INFO ConnectionMetrics, totalCount = 2, detail = {long_connection=2, long_polling=0}

2025-07-22 20:29:02,005 INFO Connection check task start

2025-07-22 20:29:02,005 INFO Long connection metrics detail ,Total count =2, sdkCount=2,clusterCount=0

2025-07-22 20:29:02,005 INFO Out dated connection ,size=0

2025-07-22 20:29:02,005 INFO Connection check task end

2025-07-22 20:29:04,074 INFO ConnectionMetrics, totalCount = 2, detail = {long_connection=2, long_polling=0}

2025-07-22 20:29:05,008 INFO Connection check task start

2025-07-22 20:29:05,008 INFO Long connection metrics detail ,Total count =2, sdkCount=2,clusterCount=0

2025-07-22 20:29:05,008 INFO Out dated connection ,size=0

2025-07-22 20:29:05,008 INFO Connection check task end

2025-07-22 20:29:07,075 INFO ConnectionMetrics, totalCount = 2, detail = {long_connection=2, long_polling=0}

2025-07-22 20:29:08,010 INFO Connection check task start

2025-07-22 20:29:08,010 INFO Long connection metrics detail ,Total count =2, sdkCount=2,clusterCount=0

2025-07-22 20:29:08,010 INFO Out dated connection ,size=0

2025-07-22 20:29:08,010 INFO Connection check task end

2025-07-22 20:29:10,076 INFO ConnectionMetrics, totalCount = 2, detail = {long_connection=2, long_polling=0}

2025-07-22 20:29:11,012 INFO Connection check task start

2025-07-22 20:29:11,012 INFO Long connection metrics detail ,Total count =2, sdkCount=2,clusterCount=0

2025-07-22 20:29:11,012 INFO Out dated connection ,size=0

2025-07-22 20:29:11,012 INFO Connection check task end

2025-07-22 20:29:13,076 INFO ConnectionMetrics, totalCount = 2, detail = {long_connection=2, long_polling=0}

2025-07-22 20:29:14,013 INFO Connection check task start

2025-07-22 20:29:14,013 INFO Long connection metrics detail ,Total count =2, sdkCount=2,clusterCount=0

2025-07-22 20:29:14,013 INFO Out dated connection ,size=0

2025-07-22 20:29:14,013 INFO Connection check task end

2025-07-22 20:29:16,080 INFO ConnectionMetrics, totalCount = 2, detail = {long_connection=2, long_polling=0}

2025-07-22 20:29:17,016 INFO Connection check task start

2025-07-22 20:29:17,016 INFO Long connection metrics detail ,Total count =2, sdkCount=2,clusterCount=0

2025-07-22 20:29:17,016 INFO Out dated connection ,size=0

2025-07-22 20:29:17,016 INFO Connection check task end

2025-07-22 20:29:19,083 INFO ConnectionMetrics, totalCount = 2, detail = {long_connection=2, long_polling=0}

2025-07-22 20:29:20,018 INFO Connection check task start

2025-07-22 20:29:20,018 INFO Long connection metrics detail ,Total count =2, sdkCount=2,clusterCount=0

2025-07-22 20:29:20,018 INFO Out dated connection ,size=0

2025-07-22 20:29:20,018 INFO Connection check task end

2025-07-22 20:29:22,084 INFO ConnectionMetrics, totalCount = 2, detail = {long_connection=2, long_polling=0}

2025-07-22 20:29:23,020 INFO Connection check task start

2025-07-22 20:29:23,020 INFO Long connection metrics detail ,Total count =2, sdkCount=2,clusterCount=0

2025-07-22 20:29:23,020 INFO Out dated connection ,size=0

2025-07-22 20:29:23,020 INFO Connection check task end

2025-07-22 20:29:25,087 INFO ConnectionMetrics, totalCount = 2, detail = {long_connection=2, long_polling=0}

2025-07-22 20:29:26,021 INFO Connection check task start

2025-07-22 20:29:26,021 INFO Long connection metrics detail ,Total count =2, sdkCount=2,clusterCount=0

2025-07-22 20:29:26,021 INFO Out dated connection ,size=0

2025-07-22 20:29:26,021 INFO Connection check task end

2025-07-22 20:29:28,088 INFO ConnectionMetrics, totalCount = 2, detail = {long_connection=2, long_polling=0}

2025-07-22 20:29:29,043 INFO Connection check task start

2025-07-22 20:29:29,043 INFO Long connection metrics detail ,Total count =2, sdkCount=2,clusterCount=0

2025-07-22 20:29:29,043 INFO Out dated connection ,size=0

2025-07-22 20:29:29,043 INFO Connection check task end

2025-07-22 20:29:31,092 INFO ConnectionMetrics, totalCount = 2, detail = {long_connection=2, long_polling=0}

2025-07-22 20:29:32,044 INFO Connection check task start

2025-07-22 20:29:32,044 INFO Long connection metrics detail ,Total count =2, sdkCount=2,clusterCount=0

2025-07-22 20:29:32,044 INFO Out dated connection ,size=0

2025-07-22 20:29:32,044 INFO Connection check task end

2025-07-22 20:29:34,094 INFO ConnectionMetrics, totalCount = 2, detail = {long_connection=2, long_polling=0}

2025-07-22 20:29:35,046 INFO Connection check task start

2025-07-22 20:29:35,046 INFO Long connection metrics detail ,Total count =2, sdkCount=2,clusterCount=0

2025-07-22 20:29:35,046 INFO Out dated connection ,size=0

2025-07-22 20:29:35,046 INFO Connection check task end

2025-07-22 20:29:37,096 INFO ConnectionMetrics, totalCount = 2, detail = {long_connection=2, long_polling=0}

2025-07-22 20:29:38,048 INFO Connection check task start

2025-07-22 20:29:38,048 INFO Long connection metrics detail ,Total count =2, sdkCount=2,clusterCount=0

2025-07-22 20:29:38,048 INFO Out dated connection ,size=0

2025-07-22 20:29:38,048 INFO Connection check task end

2025-07-22 20:29:40,097 INFO ConnectionMetrics, totalCount = 2, detail = {long_connection=2, long_polling=0}

2025-07-22 20:29:41,050 INFO Connection check task start

2025-07-22 20:29:41,050 INFO Long connection metrics detail ,Total count =2, sdkCount=2,clusterCount=0

2025-07-22 20:29:41,050 INFO Out dated connection ,size=0

2025-07-22 20:29:41,050 INFO Connection check task end

2025-07-22 20:29:43,098 INFO ConnectionMetrics, totalCount = 2, detail = {long_connection=2, long_polling=0}

2025-07-22 20:29:44,052 INFO Connection check task start

2025-07-22 20:29:44,052 INFO Long connection metrics detail ,Total count =2, sdkCount=2,clusterCount=0

2025-07-22 20:29:44,052 INFO Out dated connection ,size=0

2025-07-22 20:29:44,052 INFO Connection check task end

2025-07-22 20:29:46,101 INFO ConnectionMetrics, totalCount = 2, detail = {long_connection=2, long_polling=0}

2025-07-22 20:29:47,054 INFO Connection check task start

2025-07-22 20:29:47,054 INFO Long connection metrics detail ,Total count =2, sdkCount=2,clusterCount=0

2025-07-22 20:29:47,054 INFO Out dated connection ,size=0

2025-07-22 20:29:47,054 INFO Connection check task end

2025-07-22 20:29:49,104 INFO ConnectionMetrics, totalCount = 2, detail = {long_connection=2, long_polling=0}

2025-07-22 20:29:50,057 INFO Connection check task start

2025-07-22 20:29:50,057 INFO Long connection metrics detail ,Total count =2, sdkCount=2,clusterCount=0

2025-07-22 20:29:50,057 INFO Out dated connection ,size=0

2025-07-22 20:29:50,057 INFO Connection check task end

2025-07-22 20:29:52,106 INFO ConnectionMetrics, totalCount = 2, detail = {long_connection=2, long_polling=0}

2025-07-22 20:29:53,059 INFO Connection check task start

2025-07-22 20:29:53,059 INFO Long connection metrics detail ,Total count =2, sdkCount=2,clusterCount=0

2025-07-22 20:29:53,059 INFO Out dated connection ,size=0

2025-07-22 20:29:53,059 INFO Connection check task end

2025-07-22 20:29:55,108 INFO ConnectionMetrics, totalCount = 2, detail = {long_connection=2, long_polling=0}

2025-07-22 20:29:56,061 INFO Connection check task start

2025-07-22 20:29:56,061 INFO Long connection metrics detail ,Total count =2, sdkCount=2,clusterCount=0

2025-07-22 20:29:56,061 INFO Out dated connection ,size=0

2025-07-22 20:29:56,061 INFO Connection check task end

2025-07-22 20:29:58,112 INFO ConnectionMetrics, totalCount = 2, detail = {long_connection=2, long_polling=0}

2025-07-22 20:29:59,062 INFO Connection check task start

2025-07-22 20:29:59,062 INFO Long connection metrics detail ,Total count =2, sdkCount=2,clusterCount=0

2025-07-22 20:29:59,062 INFO Out dated connection ,size=0

2025-07-22 20:29:59,062 INFO Connection check task end

2025-07-22 20:30:01,115 INFO ConnectionMetrics, totalCount = 2, detail = {long_connection=2, long_polling=0}

2025-07-22 20:30:02,064 INFO Connection check task start

2025-07-22 20:30:02,064 INFO Long connection metrics detail ,Total count =2, sdkCount=2,clusterCount=0

2025-07-22 20:30:02,064 INFO Out dated connection ,size=0

2025-07-22 20:30:02,064 INFO Connection check task end

2025-07-22 20:30:04,116 INFO ConnectionMetrics, totalCount = 2, detail = {long_connection=2, long_polling=0}

2025-07-22 20:30:05,065 INFO Connection check task start

2025-07-22 20:30:05,065 INFO Long connection metrics detail ,Total count =2, sdkCount=2,clusterCount=0

2025-07-22 20:30:05,065 INFO Out dated connection ,size=0

2025-07-22 20:30:05,065 INFO Connection check task end

2025-07-22 20:30:07,118 INFO ConnectionMetrics, totalCount = 2, detail = {long_connection=2, long_polling=0}

2025-07-22 20:30:08,066 INFO Connection check task start

2025-07-22 20:30:08,066 INFO Long connection metrics detail ,Total count =2, sdkCount=2,clusterCount=0

2025-07-22 20:30:08,066 INFO Out dated connection ,size=0

2025-07-22 20:30:08,066 INFO Connection check task end

2025-07-22 20:30:10,120 INFO ConnectionMetrics, totalCount = 2, detail = {long_connection=2, long_polling=0}

2025-07-22 20:30:11,067 INFO Connection check task start

2025-07-22 20:30:11,067 INFO Long connection metrics detail ,Total count =2, sdkCount=2,clusterCount=0

2025-07-22 20:30:11,067 INFO Out dated connection ,size=0

2025-07-22 20:30:11,067 INFO Connection check task end

2025-07-22 20:30:13,121 INFO ConnectionMetrics, totalCount = 2, detail = {long_connection=2, long_polling=0}

2025-07-22 20:30:14,070 INFO Connection check task start

2025-07-22 20:30:14,070 INFO Long connection metrics detail ,Total count =2, sdkCount=2,clusterCount=0

2025-07-22 20:30:14,070 INFO Out dated connection ,size=0

2025-07-22 20:30:14,070 INFO Connection check task end

2025-07-22 20:30:16,121 INFO ConnectionMetrics, totalCount = 2, detail = {long_connection=2, long_polling=0}

2025-07-22 20:30:17,070 INFO Connection check task start

2025-07-22 20:30:17,070 INFO Long connection metrics detail ,Total count =2, sdkCount=2,clusterCount=0

2025-07-22 20:30:17,070 INFO Out dated connection ,size=0

2025-07-22 20:30:17,070 INFO Connection check task end

2025-07-22 20:30:19,121 INFO ConnectionMetrics, totalCount = 2, detail = {long_connection=2, long_polling=0}

