2025-06-16 15:02:14,424 INFO PERFORMANCE:|serviceCount|ipCount|subscribeCount|maxPushCost|avgPushCost|totalPushCount|failPushCount

2025-06-16 15:02:14,443 INFO DISTRO:|V1SyncDone|V1SyncFail|V2SyncDone|V2SyncFail|V2VerifyFail|

2025-06-16 15:02:14,443 INFO PERFORMANCE:|0|0|0|-1|-1|0|0

2025-06-16 15:02:14,445 INFO Task worker status: 
naming_0%8, pending tasks: 0
naming_1%8, pending tasks: 0
naming_2%8, pending tasks: 0
naming_3%8, pending tasks: 0
naming_4%8, pending tasks: 0
naming_5%8, pending tasks: 0
naming_6%8, pending tasks: 0
naming_7%8, pending tasks: 0


2025-06-16 15:02:14,446 INFO DISTRO:|0|0|0|

2025-06-16 15:03:14,449 INFO PERFORMANCE:|1|1|0|-1|-1|0|0

2025-06-16 15:03:14,449 INFO Task worker status: 
naming_0%8, pending tasks: 0
naming_1%8, pending tasks: 0
naming_2%8, pending tasks: 0
naming_3%8, pending tasks: 0
naming_4%8, pending tasks: 0
naming_5%8, pending tasks: 0
naming_6%8, pending tasks: 0
naming_7%8, pending tasks: 0


2025-06-16 15:03:14,467 INFO DISTRO:|0|0|0|

2025-06-16 15:04:14,470 INFO PERFORMANCE:|1|1|0|-1|-1|0|0

2025-06-16 15:04:14,470 INFO Task worker status: 
naming_0%8, pending tasks: 0
naming_1%8, pending tasks: 0
naming_2%8, pending tasks: 0
naming_3%8, pending tasks: 0
naming_4%8, pending tasks: 0
naming_5%8, pending tasks: 0
naming_6%8, pending tasks: 0
naming_7%8, pending tasks: 0


2025-06-16 15:04:14,470 INFO DISTRO:|0|0|0|

2025-06-16 15:05:14,472 INFO PERFORMANCE:|1|1|0|-1|-1|0|0

2025-06-16 15:05:14,472 INFO Task worker status: 
naming_0%8, pending tasks: 0
naming_1%8, pending tasks: 0
naming_2%8, pending tasks: 0
naming_3%8, pending tasks: 0
naming_4%8, pending tasks: 0
naming_5%8, pending tasks: 0
naming_6%8, pending tasks: 0
naming_7%8, pending tasks: 0


2025-06-16 15:05:14,472 INFO DISTRO:|0|0|0|

2025-06-16 15:06:14,473 INFO PERFORMANCE:|1|1|0|-1|-1|0|0

2025-06-16 15:06:14,473 INFO Task worker status: 
naming_0%8, pending tasks: 0
naming_1%8, pending tasks: 0
naming_2%8, pending tasks: 0
naming_3%8, pending tasks: 0
naming_4%8, pending tasks: 0
naming_5%8, pending tasks: 0
naming_6%8, pending tasks: 0
naming_7%8, pending tasks: 0


2025-06-16 15:06:14,473 INFO DISTRO:|0|0|0|

2025-06-16 15:07:14,475 INFO PERFORMANCE:|1|1|0|-1|-1|0|0

2025-06-16 15:07:14,475 INFO Task worker status: 
naming_0%8, pending tasks: 0
naming_1%8, pending tasks: 0
naming_2%8, pending tasks: 0
naming_3%8, pending tasks: 0
naming_4%8, pending tasks: 0
naming_5%8, pending tasks: 0
naming_6%8, pending tasks: 0
naming_7%8, pending tasks: 0


2025-06-16 15:07:14,475 INFO DISTRO:|0|0|0|

2025-06-16 15:08:14,476 INFO PERFORMANCE:|1|1|0|-1|-1|0|0

2025-06-16 15:08:14,476 INFO Task worker status: 
naming_0%8, pending tasks: 0
naming_1%8, pending tasks: 0
naming_2%8, pending tasks: 0
naming_3%8, pending tasks: 0
naming_4%8, pending tasks: 0
naming_5%8, pending tasks: 0
naming_6%8, pending tasks: 0
naming_7%8, pending tasks: 0


2025-06-16 15:08:14,476 INFO DISTRO:|0|0|0|

2025-06-16 15:09:14,478 INFO PERFORMANCE:|1|1|0|-1|-1|0|0

2025-06-16 15:09:14,478 INFO Task worker status: 
naming_0%8, pending tasks: 0
naming_1%8, pending tasks: 0
naming_2%8, pending tasks: 0
naming_3%8, pending tasks: 0
naming_4%8, pending tasks: 0
naming_5%8, pending tasks: 0
naming_6%8, pending tasks: 0
naming_7%8, pending tasks: 0


2025-06-16 15:09:14,478 INFO DISTRO:|0|0|0|

2025-06-16 15:10:14,479 INFO PERFORMANCE:|1|1|0|-1|-1|0|0

2025-06-16 15:10:14,479 INFO Task worker status: 
naming_0%8, pending tasks: 0
naming_1%8, pending tasks: 0
naming_2%8, pending tasks: 0
naming_3%8, pending tasks: 0
naming_4%8, pending tasks: 0
naming_5%8, pending tasks: 0
naming_6%8, pending tasks: 0
naming_7%8, pending tasks: 0


2025-06-16 15:10:14,479 INFO DISTRO:|0|0|0|

2025-06-16 15:11:14,480 INFO PERFORMANCE:|1|1|0|-1|-1|0|0

2025-06-16 15:11:14,480 INFO Task worker status: 
naming_0%8, pending tasks: 0
naming_1%8, pending tasks: 0
naming_2%8, pending tasks: 0
naming_3%8, pending tasks: 0
naming_4%8, pending tasks: 0
naming_5%8, pending tasks: 0
naming_6%8, pending tasks: 0
naming_7%8, pending tasks: 0


2025-06-16 15:11:14,480 INFO DISTRO:|0|0|0|

2025-06-16 15:12:14,482 INFO PERFORMANCE:|serviceCount|ipCount|subscribeCount|maxPushCost|avgPushCost|totalPushCount|failPushCount

2025-06-16 15:12:14,482 INFO DISTRO:|V1SyncDone|V1SyncFail|V2SyncDone|V2SyncFail|V2VerifyFail|

2025-06-16 15:12:14,482 INFO PERFORMANCE:|1|1|0|-1|-1|0|0

2025-06-16 15:12:14,482 INFO Task worker status: 
naming_0%8, pending tasks: 0
naming_1%8, pending tasks: 0
naming_2%8, pending tasks: 0
naming_3%8, pending tasks: 0
naming_4%8, pending tasks: 0
naming_5%8, pending tasks: 0
naming_6%8, pending tasks: 0
naming_7%8, pending tasks: 0


2025-06-16 15:12:14,482 INFO DISTRO:|0|0|0|

2025-06-16 15:13:14,485 INFO PERFORMANCE:|1|1|0|-1|-1|0|0

2025-06-16 15:13:14,485 INFO Task worker status: 
naming_0%8, pending tasks: 0
naming_1%8, pending tasks: 0
naming_2%8, pending tasks: 0
naming_3%8, pending tasks: 0
naming_4%8, pending tasks: 0
naming_5%8, pending tasks: 0
naming_6%8, pending tasks: 0
naming_7%8, pending tasks: 0


2025-06-16 15:13:14,485 INFO DISTRO:|0|0|0|

2025-06-16 15:14:14,487 INFO PERFORMANCE:|1|1|0|-1|-1|0|0

2025-06-16 15:14:14,487 INFO Task worker status: 
naming_0%8, pending tasks: 0
naming_1%8, pending tasks: 0
naming_2%8, pending tasks: 0
naming_3%8, pending tasks: 0
naming_4%8, pending tasks: 0
naming_5%8, pending tasks: 0
naming_6%8, pending tasks: 0
naming_7%8, pending tasks: 0


2025-06-16 15:14:14,487 INFO DISTRO:|0|0|0|

2025-06-16 15:15:14,487 INFO PERFORMANCE:|1|1|0|-1|-1|0|0

2025-06-16 15:15:14,487 INFO Task worker status: 
naming_0%8, pending tasks: 0
naming_1%8, pending tasks: 0
naming_2%8, pending tasks: 0
naming_3%8, pending tasks: 0
naming_4%8, pending tasks: 0
naming_5%8, pending tasks: 0
naming_6%8, pending tasks: 0
naming_7%8, pending tasks: 0


2025-06-16 15:15:14,487 INFO DISTRO:|0|0|0|

2025-06-16 15:16:14,489 INFO PERFORMANCE:|1|1|0|-1|-1|0|0

2025-06-16 15:16:14,489 INFO Task worker status: 
naming_0%8, pending tasks: 0
naming_1%8, pending tasks: 0
naming_2%8, pending tasks: 0
naming_3%8, pending tasks: 0
naming_4%8, pending tasks: 0
naming_5%8, pending tasks: 0
naming_6%8, pending tasks: 0
naming_7%8, pending tasks: 0


2025-06-16 15:16:14,489 INFO DISTRO:|0|0|0|

2025-06-16 15:17:14,491 INFO PERFORMANCE:|1|1|0|-1|-1|0|0

2025-06-16 15:17:14,491 INFO Task worker status: 
naming_0%8, pending tasks: 0
naming_1%8, pending tasks: 0
naming_2%8, pending tasks: 0
naming_3%8, pending tasks: 0
naming_4%8, pending tasks: 0
naming_5%8, pending tasks: 0
naming_6%8, pending tasks: 0
naming_7%8, pending tasks: 0


2025-06-16 15:17:14,491 INFO DISTRO:|0|0|0|

2025-06-16 15:18:14,493 INFO PERFORMANCE:|1|1|0|-1|-1|0|0

2025-06-16 15:18:14,493 INFO Task worker status: 
naming_0%8, pending tasks: 0
naming_1%8, pending tasks: 0
naming_2%8, pending tasks: 0
naming_3%8, pending tasks: 0
naming_4%8, pending tasks: 0
naming_5%8, pending tasks: 0
naming_6%8, pending tasks: 0
naming_7%8, pending tasks: 0


2025-06-16 15:18:14,493 INFO DISTRO:|0|0|0|

2025-06-16 15:19:14,496 INFO PERFORMANCE:|1|1|0|-1|-1|0|0

2025-06-16 15:19:14,496 INFO Task worker status: 
naming_0%8, pending tasks: 0
naming_1%8, pending tasks: 0
naming_2%8, pending tasks: 0
naming_3%8, pending tasks: 0
naming_4%8, pending tasks: 0
naming_5%8, pending tasks: 0
naming_6%8, pending tasks: 0
naming_7%8, pending tasks: 0


2025-06-16 15:19:14,496 INFO DISTRO:|0|0|0|

2025-06-16 15:20:14,498 INFO PERFORMANCE:|1|1|0|-1|-1|0|0

2025-06-16 15:20:14,498 INFO Task worker status: 
naming_0%8, pending tasks: 0
naming_1%8, pending tasks: 0
naming_2%8, pending tasks: 0
naming_3%8, pending tasks: 0
naming_4%8, pending tasks: 0
naming_5%8, pending tasks: 0
naming_6%8, pending tasks: 0
naming_7%8, pending tasks: 0


2025-06-16 15:20:14,498 INFO DISTRO:|0|0|0|

2025-06-16 15:21:14,500 INFO PERFORMANCE:|1|1|0|-1|-1|0|0

2025-06-16 15:21:14,500 INFO Task worker status: 
naming_0%8, pending tasks: 0
naming_1%8, pending tasks: 0
naming_2%8, pending tasks: 0
naming_3%8, pending tasks: 0
naming_4%8, pending tasks: 0
naming_5%8, pending tasks: 0
naming_6%8, pending tasks: 0
naming_7%8, pending tasks: 0


2025-06-16 15:21:14,500 INFO DISTRO:|0|0|0|

2025-06-16 15:22:14,502 INFO PERFORMANCE:|serviceCount|ipCount|subscribeCount|maxPushCost|avgPushCost|totalPushCount|failPushCount

2025-06-16 15:22:14,502 INFO DISTRO:|V1SyncDone|V1SyncFail|V2SyncDone|V2SyncFail|V2VerifyFail|

2025-06-16 15:22:14,502 INFO PERFORMANCE:|1|1|0|-1|-1|0|0

2025-06-16 15:22:14,502 INFO Task worker status: 
naming_0%8, pending tasks: 0
naming_1%8, pending tasks: 0
naming_2%8, pending tasks: 0
naming_3%8, pending tasks: 0
naming_4%8, pending tasks: 0
naming_5%8, pending tasks: 0
naming_6%8, pending tasks: 0
naming_7%8, pending tasks: 0


2025-06-16 15:22:14,502 INFO DISTRO:|0|0|0|

2025-06-16 15:23:14,504 INFO PERFORMANCE:|1|1|0|-1|-1|0|0

2025-06-16 15:23:14,504 INFO Task worker status: 
naming_0%8, pending tasks: 0
naming_1%8, pending tasks: 0
naming_2%8, pending tasks: 0
naming_3%8, pending tasks: 0
naming_4%8, pending tasks: 0
naming_5%8, pending tasks: 0
naming_6%8, pending tasks: 0
naming_7%8, pending tasks: 0


2025-06-16 15:23:14,504 INFO DISTRO:|0|0|0|

2025-06-16 15:24:14,507 INFO PERFORMANCE:|1|1|0|-1|-1|0|0

2025-06-16 15:24:14,507 INFO Task worker status: 
naming_0%8, pending tasks: 0
naming_1%8, pending tasks: 0
naming_2%8, pending tasks: 0
naming_3%8, pending tasks: 0
naming_4%8, pending tasks: 0
naming_5%8, pending tasks: 0
naming_6%8, pending tasks: 0
naming_7%8, pending tasks: 0


2025-06-16 15:24:14,507 INFO DISTRO:|0|0|0|

2025-06-16 15:25:14,509 INFO PERFORMANCE:|1|1|0|-1|-1|0|0

2025-06-16 15:25:14,509 INFO Task worker status: 
naming_0%8, pending tasks: 0
naming_1%8, pending tasks: 0
naming_2%8, pending tasks: 0
naming_3%8, pending tasks: 0
naming_4%8, pending tasks: 0
naming_5%8, pending tasks: 0
naming_6%8, pending tasks: 0
naming_7%8, pending tasks: 0


2025-06-16 15:25:14,509 INFO DISTRO:|0|0|0|

2025-06-16 15:26:14,509 INFO PERFORMANCE:|1|1|0|-1|-1|0|0

2025-06-16 15:26:14,509 INFO Task worker status: 
naming_0%8, pending tasks: 0
naming_1%8, pending tasks: 0
naming_2%8, pending tasks: 0
naming_3%8, pending tasks: 0
naming_4%8, pending tasks: 0
naming_5%8, pending tasks: 0
naming_6%8, pending tasks: 0
naming_7%8, pending tasks: 0


2025-06-16 15:26:14,509 INFO DISTRO:|0|0|0|

2025-06-16 15:27:14,512 INFO PERFORMANCE:|1|1|0|-1|-1|0|0

2025-06-16 15:27:14,512 INFO Task worker status: 
naming_0%8, pending tasks: 0
naming_1%8, pending tasks: 0
naming_2%8, pending tasks: 0
naming_3%8, pending tasks: 0
naming_4%8, pending tasks: 0
naming_5%8, pending tasks: 0
naming_6%8, pending tasks: 0
naming_7%8, pending tasks: 0


2025-06-16 15:27:14,512 INFO DISTRO:|0|0|0|

2025-06-16 15:28:14,513 INFO PERFORMANCE:|1|1|0|-1|-1|0|0

2025-06-16 15:28:14,513 INFO Task worker status: 
naming_0%8, pending tasks: 0
naming_1%8, pending tasks: 0
naming_2%8, pending tasks: 0
naming_3%8, pending tasks: 0
naming_4%8, pending tasks: 0
naming_5%8, pending tasks: 0
naming_6%8, pending tasks: 0
naming_7%8, pending tasks: 0


2025-06-16 15:28:14,513 INFO DISTRO:|0|0|0|

2025-06-16 15:29:14,517 INFO PERFORMANCE:|1|1|0|-1|-1|0|0

2025-06-16 15:29:14,517 INFO Task worker status: 
naming_0%8, pending tasks: 0
naming_1%8, pending tasks: 0
naming_2%8, pending tasks: 0
naming_3%8, pending tasks: 0
naming_4%8, pending tasks: 0
naming_5%8, pending tasks: 0
naming_6%8, pending tasks: 0
naming_7%8, pending tasks: 0


2025-06-16 15:29:14,517 INFO DISTRO:|0|0|0|

2025-06-16 15:30:14,519 INFO PERFORMANCE:|1|1|0|-1|-1|0|0

2025-06-16 15:30:14,519 INFO Task worker status: 
naming_0%8, pending tasks: 0
naming_1%8, pending tasks: 0
naming_2%8, pending tasks: 0
naming_3%8, pending tasks: 0
naming_4%8, pending tasks: 0
naming_5%8, pending tasks: 0
naming_6%8, pending tasks: 0
naming_7%8, pending tasks: 0


2025-06-16 15:30:14,519 INFO DISTRO:|0|0|0|

2025-06-16 15:31:14,520 INFO PERFORMANCE:|1|1|0|-1|-1|0|0

2025-06-16 15:31:14,520 INFO Task worker status: 
naming_0%8, pending tasks: 0
naming_1%8, pending tasks: 0
naming_2%8, pending tasks: 0
naming_3%8, pending tasks: 0
naming_4%8, pending tasks: 0
naming_5%8, pending tasks: 0
naming_6%8, pending tasks: 0
naming_7%8, pending tasks: 0


2025-06-16 15:31:14,520 INFO DISTRO:|0|0|0|

2025-06-16 15:32:14,525 INFO PERFORMANCE:|serviceCount|ipCount|subscribeCount|maxPushCost|avgPushCost|totalPushCount|failPushCount

2025-06-16 15:32:14,525 INFO DISTRO:|V1SyncDone|V1SyncFail|V2SyncDone|V2SyncFail|V2VerifyFail|

2025-06-16 15:32:14,525 INFO PERFORMANCE:|1|1|0|-1|-1|0|0

2025-06-16 15:32:14,526 INFO Task worker status: 
naming_0%8, pending tasks: 0
naming_1%8, pending tasks: 0
naming_2%8, pending tasks: 0
naming_3%8, pending tasks: 0
naming_4%8, pending tasks: 0
naming_5%8, pending tasks: 0
naming_6%8, pending tasks: 0
naming_7%8, pending tasks: 0


2025-06-16 15:32:14,526 INFO DISTRO:|0|0|0|

2025-06-16 15:33:14,527 INFO PERFORMANCE:|1|1|0|-1|-1|0|0

2025-06-16 15:33:14,527 INFO Task worker status: 
naming_0%8, pending tasks: 0
naming_1%8, pending tasks: 0
naming_2%8, pending tasks: 0
naming_3%8, pending tasks: 0
naming_4%8, pending tasks: 0
naming_5%8, pending tasks: 0
naming_6%8, pending tasks: 0
naming_7%8, pending tasks: 0


2025-06-16 15:33:14,527 INFO DISTRO:|0|0|0|

2025-06-16 15:34:14,531 INFO PERFORMANCE:|1|1|0|-1|-1|0|0

2025-06-16 15:34:14,531 INFO Task worker status: 
naming_0%8, pending tasks: 0
naming_1%8, pending tasks: 0
naming_2%8, pending tasks: 0
naming_3%8, pending tasks: 0
naming_4%8, pending tasks: 0
naming_5%8, pending tasks: 0
naming_6%8, pending tasks: 0
naming_7%8, pending tasks: 0


2025-06-16 15:34:14,531 INFO DISTRO:|0|0|0|

2025-06-16 15:35:14,534 INFO PERFORMANCE:|1|1|0|-1|-1|0|0

2025-06-16 15:35:14,534 INFO Task worker status: 
naming_0%8, pending tasks: 0
naming_1%8, pending tasks: 0
naming_2%8, pending tasks: 0
naming_3%8, pending tasks: 0
naming_4%8, pending tasks: 0
naming_5%8, pending tasks: 0
naming_6%8, pending tasks: 0
naming_7%8, pending tasks: 0


2025-06-16 15:35:14,534 INFO DISTRO:|0|0|0|

2025-06-16 15:36:14,536 INFO PERFORMANCE:|1|1|0|-1|-1|0|0

2025-06-16 15:36:14,536 INFO Task worker status: 
naming_0%8, pending tasks: 0
naming_1%8, pending tasks: 0
naming_2%8, pending tasks: 0
naming_3%8, pending tasks: 0
naming_4%8, pending tasks: 0
naming_5%8, pending tasks: 0
naming_6%8, pending tasks: 0
naming_7%8, pending tasks: 0


2025-06-16 15:36:14,536 INFO DISTRO:|0|0|0|

2025-06-16 15:37:14,539 INFO PERFORMANCE:|1|1|0|-1|-1|0|0

2025-06-16 15:37:14,539 INFO Task worker status: 
naming_0%8, pending tasks: 0
naming_1%8, pending tasks: 0
naming_2%8, pending tasks: 0
naming_3%8, pending tasks: 0
naming_4%8, pending tasks: 0
naming_5%8, pending tasks: 0
naming_6%8, pending tasks: 0
naming_7%8, pending tasks: 0


2025-06-16 15:37:14,539 INFO DISTRO:|0|0|0|

2025-06-16 15:38:14,542 INFO PERFORMANCE:|1|1|0|-1|-1|0|0

2025-06-16 15:38:14,542 INFO Task worker status: 
naming_0%8, pending tasks: 0
naming_1%8, pending tasks: 0
naming_2%8, pending tasks: 0
naming_3%8, pending tasks: 0
naming_4%8, pending tasks: 0
naming_5%8, pending tasks: 0
naming_6%8, pending tasks: 0
naming_7%8, pending tasks: 0


2025-06-16 15:38:14,542 INFO DISTRO:|0|0|0|

2025-06-16 15:39:14,544 INFO PERFORMANCE:|1|1|0|-1|-1|0|0

2025-06-16 15:39:14,544 INFO Task worker status: 
naming_0%8, pending tasks: 0
naming_1%8, pending tasks: 0
naming_2%8, pending tasks: 0
naming_3%8, pending tasks: 0
naming_4%8, pending tasks: 0
naming_5%8, pending tasks: 0
naming_6%8, pending tasks: 0
naming_7%8, pending tasks: 0


2025-06-16 15:39:14,544 INFO DISTRO:|0|0|0|

2025-06-16 15:40:14,545 INFO PERFORMANCE:|1|1|0|-1|-1|0|0

2025-06-16 15:40:14,545 INFO Task worker status: 
naming_0%8, pending tasks: 0
naming_1%8, pending tasks: 0
naming_2%8, pending tasks: 0
naming_3%8, pending tasks: 0
naming_4%8, pending tasks: 0
naming_5%8, pending tasks: 0
naming_6%8, pending tasks: 0
naming_7%8, pending tasks: 0


2025-06-16 15:40:14,545 INFO DISTRO:|0|0|0|

2025-06-16 15:41:14,547 INFO PERFORMANCE:|1|1|0|-1|-1|0|0

2025-06-16 15:41:14,547 INFO Task worker status: 
naming_0%8, pending tasks: 0
naming_1%8, pending tasks: 0
naming_2%8, pending tasks: 0
naming_3%8, pending tasks: 0
naming_4%8, pending tasks: 0
naming_5%8, pending tasks: 0
naming_6%8, pending tasks: 0
naming_7%8, pending tasks: 0


2025-06-16 15:41:14,547 INFO DISTRO:|0|0|0|

2025-06-16 15:42:14,549 INFO PERFORMANCE:|serviceCount|ipCount|subscribeCount|maxPushCost|avgPushCost|totalPushCount|failPushCount

2025-06-16 15:42:14,549 INFO DISTRO:|V1SyncDone|V1SyncFail|V2SyncDone|V2SyncFail|V2VerifyFail|

2025-06-16 15:42:14,549 INFO PERFORMANCE:|1|1|0|-1|-1|0|0

2025-06-16 15:42:14,549 INFO Task worker status: 
naming_0%8, pending tasks: 0
naming_1%8, pending tasks: 0
naming_2%8, pending tasks: 0
naming_3%8, pending tasks: 0
naming_4%8, pending tasks: 0
naming_5%8, pending tasks: 0
naming_6%8, pending tasks: 0
naming_7%8, pending tasks: 0


2025-06-16 15:42:14,549 INFO DISTRO:|0|0|0|

2025-06-16 15:43:14,552 INFO PERFORMANCE:|1|1|0|-1|-1|0|0

2025-06-16 15:43:14,552 INFO Task worker status: 
naming_0%8, pending tasks: 0
naming_1%8, pending tasks: 0
naming_2%8, pending tasks: 0
naming_3%8, pending tasks: 0
naming_4%8, pending tasks: 0
naming_5%8, pending tasks: 0
naming_6%8, pending tasks: 0
naming_7%8, pending tasks: 0


2025-06-16 15:43:14,552 INFO DISTRO:|0|0|0|

2025-06-16 15:44:14,555 INFO PERFORMANCE:|1|1|0|-1|-1|0|0

2025-06-16 15:44:14,555 INFO Task worker status: 
naming_0%8, pending tasks: 0
naming_1%8, pending tasks: 0
naming_2%8, pending tasks: 0
naming_3%8, pending tasks: 0
naming_4%8, pending tasks: 0
naming_5%8, pending tasks: 0
naming_6%8, pending tasks: 0
naming_7%8, pending tasks: 0


2025-06-16 15:44:14,555 INFO DISTRO:|0|0|0|

2025-06-16 15:45:14,555 INFO PERFORMANCE:|1|1|0|-1|-1|0|0

2025-06-16 15:45:14,555 INFO Task worker status: 
naming_0%8, pending tasks: 0
naming_1%8, pending tasks: 0
naming_2%8, pending tasks: 0
naming_3%8, pending tasks: 0
naming_4%8, pending tasks: 0
naming_5%8, pending tasks: 0
naming_6%8, pending tasks: 0
naming_7%8, pending tasks: 0


2025-06-16 15:45:14,555 INFO DISTRO:|0|0|0|

2025-06-16 15:46:14,556 INFO PERFORMANCE:|1|1|0|-1|-1|0|0

2025-06-16 15:46:14,556 INFO Task worker status: 
naming_0%8, pending tasks: 0
naming_1%8, pending tasks: 0
naming_2%8, pending tasks: 0
naming_3%8, pending tasks: 0
naming_4%8, pending tasks: 0
naming_5%8, pending tasks: 0
naming_6%8, pending tasks: 0
naming_7%8, pending tasks: 0


2025-06-16 15:46:14,556 INFO DISTRO:|0|0|0|

2025-06-16 15:47:14,557 INFO PERFORMANCE:|1|1|0|-1|-1|0|0

2025-06-16 15:47:14,557 INFO Task worker status: 
naming_0%8, pending tasks: 0
naming_1%8, pending tasks: 0
naming_2%8, pending tasks: 0
naming_3%8, pending tasks: 0
naming_4%8, pending tasks: 0
naming_5%8, pending tasks: 0
naming_6%8, pending tasks: 0
naming_7%8, pending tasks: 0


2025-06-16 15:47:14,557 INFO DISTRO:|0|0|0|

2025-06-16 15:48:14,557 INFO PERFORMANCE:|1|1|0|-1|-1|0|0

2025-06-16 15:48:14,557 INFO Task worker status: 
naming_0%8, pending tasks: 0
naming_1%8, pending tasks: 0
naming_2%8, pending tasks: 0
naming_3%8, pending tasks: 0
naming_4%8, pending tasks: 0
naming_5%8, pending tasks: 0
naming_6%8, pending tasks: 0
naming_7%8, pending tasks: 0


2025-06-16 15:48:14,557 INFO DISTRO:|0|0|0|

2025-06-16 15:49:14,560 INFO PERFORMANCE:|1|1|0|-1|-1|0|0

2025-06-16 15:49:14,560 INFO Task worker status: 
naming_0%8, pending tasks: 0
naming_1%8, pending tasks: 0
naming_2%8, pending tasks: 0
naming_3%8, pending tasks: 0
naming_4%8, pending tasks: 0
naming_5%8, pending tasks: 0
naming_6%8, pending tasks: 0
naming_7%8, pending tasks: 0


2025-06-16 15:49:14,560 INFO DISTRO:|0|0|0|

2025-06-16 15:50:14,562 INFO PERFORMANCE:|1|1|0|-1|-1|0|0

2025-06-16 15:50:14,562 INFO Task worker status: 
naming_0%8, pending tasks: 0
naming_1%8, pending tasks: 0
naming_2%8, pending tasks: 0
naming_3%8, pending tasks: 0
naming_4%8, pending tasks: 0
naming_5%8, pending tasks: 0
naming_6%8, pending tasks: 0
naming_7%8, pending tasks: 0


2025-06-16 15:50:14,562 INFO DISTRO:|0|0|0|

2025-06-16 15:51:14,562 INFO PERFORMANCE:|1|0|0|-1|-1|0|0

2025-06-16 15:51:14,562 INFO Task worker status: 
naming_0%8, pending tasks: 0
naming_1%8, pending tasks: 0
naming_2%8, pending tasks: 0
naming_3%8, pending tasks: 0
naming_4%8, pending tasks: 0
naming_5%8, pending tasks: 0
naming_6%8, pending tasks: 0
naming_7%8, pending tasks: 0


2025-06-16 15:51:14,562 INFO DISTRO:|0|0|0|

2025-06-16 15:52:14,565 INFO PERFORMANCE:|serviceCount|ipCount|subscribeCount|maxPushCost|avgPushCost|totalPushCount|failPushCount

2025-06-16 15:52:14,565 INFO DISTRO:|V1SyncDone|V1SyncFail|V2SyncDone|V2SyncFail|V2VerifyFail|

2025-06-16 15:52:14,565 INFO PERFORMANCE:|1|0|0|-1|-1|0|0

2025-06-16 15:52:14,565 INFO Task worker status: 
naming_0%8, pending tasks: 0
naming_1%8, pending tasks: 0
naming_2%8, pending tasks: 0
naming_3%8, pending tasks: 0
naming_4%8, pending tasks: 0
naming_5%8, pending tasks: 0
naming_6%8, pending tasks: 0
naming_7%8, pending tasks: 0


2025-06-16 15:52:14,565 INFO DISTRO:|0|0|0|

2025-06-16 15:53:14,568 INFO PERFORMANCE:|0|0|0|-1|-1|0|0

2025-06-16 15:53:14,568 INFO Task worker status: 
naming_0%8, pending tasks: 0
naming_1%8, pending tasks: 0
naming_2%8, pending tasks: 0
naming_3%8, pending tasks: 0
naming_4%8, pending tasks: 0
naming_5%8, pending tasks: 0
naming_6%8, pending tasks: 0
naming_7%8, pending tasks: 0


2025-06-16 15:53:14,568 INFO DISTRO:|0|0|0|

2025-06-16 15:54:14,568 INFO PERFORMANCE:|0|0|0|-1|-1|0|0

2025-06-16 15:54:14,568 INFO Task worker status: 
naming_0%8, pending tasks: 0
naming_1%8, pending tasks: 0
naming_2%8, pending tasks: 0
naming_3%8, pending tasks: 0
naming_4%8, pending tasks: 0
naming_5%8, pending tasks: 0
naming_6%8, pending tasks: 0
naming_7%8, pending tasks: 0


2025-06-16 15:54:14,568 INFO DISTRO:|0|0|0|

2025-06-16 15:55:14,571 INFO PERFORMANCE:|0|0|0|-1|-1|0|0

2025-06-16 15:55:14,571 INFO Task worker status: 
naming_0%8, pending tasks: 0
naming_1%8, pending tasks: 0
naming_2%8, pending tasks: 0
naming_3%8, pending tasks: 0
naming_4%8, pending tasks: 0
naming_5%8, pending tasks: 0
naming_6%8, pending tasks: 0
naming_7%8, pending tasks: 0


2025-06-16 15:55:14,571 INFO DISTRO:|0|0|0|

2025-06-16 15:56:14,574 INFO PERFORMANCE:|0|0|0|-1|-1|0|0

2025-06-16 15:56:14,574 INFO Task worker status: 
naming_0%8, pending tasks: 0
naming_1%8, pending tasks: 0
naming_2%8, pending tasks: 0
naming_3%8, pending tasks: 0
naming_4%8, pending tasks: 0
naming_5%8, pending tasks: 0
naming_6%8, pending tasks: 0
naming_7%8, pending tasks: 0


2025-06-16 15:56:14,574 INFO DISTRO:|0|0|0|

2025-06-16 15:57:14,575 INFO PERFORMANCE:|0|0|0|-1|-1|0|0

2025-06-16 15:57:14,575 INFO Task worker status: 
naming_0%8, pending tasks: 0
naming_1%8, pending tasks: 0
naming_2%8, pending tasks: 0
naming_3%8, pending tasks: 0
naming_4%8, pending tasks: 0
naming_5%8, pending tasks: 0
naming_6%8, pending tasks: 0
naming_7%8, pending tasks: 0


2025-06-16 15:57:14,575 INFO DISTRO:|0|0|0|

2025-06-16 15:58:14,579 INFO PERFORMANCE:|0|0|0|-1|-1|0|0

2025-06-16 15:58:14,579 INFO Task worker status: 
naming_0%8, pending tasks: 0
naming_1%8, pending tasks: 0
naming_2%8, pending tasks: 0
naming_3%8, pending tasks: 0
naming_4%8, pending tasks: 0
naming_5%8, pending tasks: 0
naming_6%8, pending tasks: 0
naming_7%8, pending tasks: 0


2025-06-16 15:58:14,579 INFO DISTRO:|0|0|0|

2025-06-16 15:59:14,582 INFO PERFORMANCE:|0|0|0|-1|-1|0|0

2025-06-16 15:59:14,582 INFO Task worker status: 
naming_0%8, pending tasks: 0
naming_1%8, pending tasks: 0
naming_2%8, pending tasks: 0
naming_3%8, pending tasks: 0
naming_4%8, pending tasks: 0
naming_5%8, pending tasks: 0
naming_6%8, pending tasks: 0
naming_7%8, pending tasks: 0


2025-06-16 15:59:14,582 INFO DISTRO:|0|0|0|

2025-06-16 16:00:14,584 INFO PERFORMANCE:|0|0|0|-1|-1|0|0

2025-06-16 16:00:14,584 INFO Task worker status: 
naming_0%8, pending tasks: 0
naming_1%8, pending tasks: 0
naming_2%8, pending tasks: 0
naming_3%8, pending tasks: 0
naming_4%8, pending tasks: 0
naming_5%8, pending tasks: 0
naming_6%8, pending tasks: 0
naming_7%8, pending tasks: 0


2025-06-16 16:00:14,584 INFO DISTRO:|0|0|0|

2025-06-16 16:01:14,586 INFO PERFORMANCE:|0|0|0|-1|-1|0|0

2025-06-16 16:01:14,586 INFO Task worker status: 
naming_0%8, pending tasks: 0
naming_1%8, pending tasks: 0
naming_2%8, pending tasks: 0
naming_3%8, pending tasks: 0
naming_4%8, pending tasks: 0
naming_5%8, pending tasks: 0
naming_6%8, pending tasks: 0
naming_7%8, pending tasks: 0


2025-06-16 16:01:14,586 INFO DISTRO:|0|0|0|

2025-06-16 16:02:14,587 INFO PERFORMANCE:|serviceCount|ipCount|subscribeCount|maxPushCost|avgPushCost|totalPushCount|failPushCount

2025-06-16 16:02:14,587 INFO DISTRO:|V1SyncDone|V1SyncFail|V2SyncDone|V2SyncFail|V2VerifyFail|

2025-06-16 16:02:14,587 INFO PERFORMANCE:|0|0|0|-1|-1|0|0

2025-06-16 16:02:14,587 INFO Task worker status: 
naming_0%8, pending tasks: 0
naming_1%8, pending tasks: 0
naming_2%8, pending tasks: 0
naming_3%8, pending tasks: 0
naming_4%8, pending tasks: 0
naming_5%8, pending tasks: 0
naming_6%8, pending tasks: 0
naming_7%8, pending tasks: 0


2025-06-16 16:02:14,587 INFO DISTRO:|0|0|0|

2025-06-16 16:03:14,588 INFO PERFORMANCE:|0|0|0|-1|-1|0|0

2025-06-16 16:03:14,588 INFO Task worker status: 
naming_0%8, pending tasks: 0
naming_1%8, pending tasks: 0
naming_2%8, pending tasks: 0
naming_3%8, pending tasks: 0
naming_4%8, pending tasks: 0
naming_5%8, pending tasks: 0
naming_6%8, pending tasks: 0
naming_7%8, pending tasks: 0


2025-06-16 16:03:14,588 INFO DISTRO:|0|0|0|

2025-06-16 16:04:14,591 INFO PERFORMANCE:|0|0|0|-1|-1|0|0

2025-06-16 16:04:14,591 INFO Task worker status: 
naming_0%8, pending tasks: 0
naming_1%8, pending tasks: 0
naming_2%8, pending tasks: 0
naming_3%8, pending tasks: 0
naming_4%8, pending tasks: 0
naming_5%8, pending tasks: 0
naming_6%8, pending tasks: 0
naming_7%8, pending tasks: 0


2025-06-16 16:04:14,591 INFO DISTRO:|0|0|0|

2025-06-16 16:05:14,593 INFO PERFORMANCE:|0|0|0|-1|-1|0|0

2025-06-16 16:05:14,593 INFO Task worker status: 
naming_0%8, pending tasks: 0
naming_1%8, pending tasks: 0
naming_2%8, pending tasks: 0
naming_3%8, pending tasks: 0
naming_4%8, pending tasks: 0
naming_5%8, pending tasks: 0
naming_6%8, pending tasks: 0
naming_7%8, pending tasks: 0


2025-06-16 16:05:14,593 INFO DISTRO:|0|0|0|

2025-06-16 16:06:14,596 INFO PERFORMANCE:|0|0|0|-1|-1|0|0

2025-06-16 16:06:14,596 INFO Task worker status: 
naming_0%8, pending tasks: 0
naming_1%8, pending tasks: 0
naming_2%8, pending tasks: 0
naming_3%8, pending tasks: 0
naming_4%8, pending tasks: 0
naming_5%8, pending tasks: 0
naming_6%8, pending tasks: 0
naming_7%8, pending tasks: 0


2025-06-16 16:06:14,596 INFO DISTRO:|0|0|0|

2025-06-16 16:07:14,598 INFO PERFORMANCE:|0|0|0|-1|-1|0|0

2025-06-16 16:07:14,598 INFO Task worker status: 
naming_0%8, pending tasks: 0
naming_1%8, pending tasks: 0
naming_2%8, pending tasks: 0
naming_3%8, pending tasks: 0
naming_4%8, pending tasks: 0
naming_5%8, pending tasks: 0
naming_6%8, pending tasks: 0
naming_7%8, pending tasks: 0


2025-06-16 16:07:14,598 INFO DISTRO:|0|0|0|

2025-06-16 16:08:14,601 INFO PERFORMANCE:|0|0|0|-1|-1|0|0

2025-06-16 16:08:14,601 INFO Task worker status: 
naming_0%8, pending tasks: 0
naming_1%8, pending tasks: 0
naming_2%8, pending tasks: 0
naming_3%8, pending tasks: 0
naming_4%8, pending tasks: 0
naming_5%8, pending tasks: 0
naming_6%8, pending tasks: 0
naming_7%8, pending tasks: 0


2025-06-16 16:08:14,601 INFO DISTRO:|0|0|0|

2025-06-16 16:09:14,603 INFO PERFORMANCE:|0|0|0|-1|-1|0|0

2025-06-16 16:09:14,603 INFO Task worker status: 
naming_0%8, pending tasks: 0
naming_1%8, pending tasks: 0
naming_2%8, pending tasks: 0
naming_3%8, pending tasks: 0
naming_4%8, pending tasks: 0
naming_5%8, pending tasks: 0
naming_6%8, pending tasks: 0
naming_7%8, pending tasks: 0


2025-06-16 16:09:14,603 INFO DISTRO:|0|0|0|

2025-06-16 16:10:14,606 INFO PERFORMANCE:|0|0|0|-1|-1|0|0

2025-06-16 16:10:14,606 INFO Task worker status: 
naming_0%8, pending tasks: 0
naming_1%8, pending tasks: 0
naming_2%8, pending tasks: 0
naming_3%8, pending tasks: 0
naming_4%8, pending tasks: 0
naming_5%8, pending tasks: 0
naming_6%8, pending tasks: 0
naming_7%8, pending tasks: 0


2025-06-16 16:10:14,606 INFO DISTRO:|0|0|0|

2025-06-16 16:11:14,608 INFO PERFORMANCE:|0|0|0|-1|-1|0|0

2025-06-16 16:11:14,608 INFO Task worker status: 
naming_0%8, pending tasks: 0
naming_1%8, pending tasks: 0
naming_2%8, pending tasks: 0
naming_3%8, pending tasks: 0
naming_4%8, pending tasks: 0
naming_5%8, pending tasks: 0
naming_6%8, pending tasks: 0
naming_7%8, pending tasks: 0


2025-06-16 16:11:14,608 INFO DISTRO:|0|0|0|

2025-06-16 16:12:14,610 INFO PERFORMANCE:|serviceCount|ipCount|subscribeCount|maxPushCost|avgPushCost|totalPushCount|failPushCount

2025-06-16 16:12:14,610 INFO DISTRO:|V1SyncDone|V1SyncFail|V2SyncDone|V2SyncFail|V2VerifyFail|

2025-06-16 16:12:14,610 INFO PERFORMANCE:|0|0|0|-1|-1|0|0

2025-06-16 16:12:14,610 INFO Task worker status: 
naming_0%8, pending tasks: 0
naming_1%8, pending tasks: 0
naming_2%8, pending tasks: 0
naming_3%8, pending tasks: 0
naming_4%8, pending tasks: 0
naming_5%8, pending tasks: 0
naming_6%8, pending tasks: 0
naming_7%8, pending tasks: 0


2025-06-16 16:12:14,610 INFO DISTRO:|0|0|0|

2025-06-16 16:13:14,611 INFO PERFORMANCE:|0|0|0|-1|-1|0|0

2025-06-16 16:13:14,611 INFO Task worker status: 
naming_0%8, pending tasks: 0
naming_1%8, pending tasks: 0
naming_2%8, pending tasks: 0
naming_3%8, pending tasks: 0
naming_4%8, pending tasks: 0
naming_5%8, pending tasks: 0
naming_6%8, pending tasks: 0
naming_7%8, pending tasks: 0


2025-06-16 16:13:14,611 INFO DISTRO:|0|0|0|

2025-06-16 16:14:14,612 INFO PERFORMANCE:|0|0|0|-1|-1|0|0

2025-06-16 16:14:14,612 INFO Task worker status: 
naming_0%8, pending tasks: 0
naming_1%8, pending tasks: 0
naming_2%8, pending tasks: 0
naming_3%8, pending tasks: 0
naming_4%8, pending tasks: 0
naming_5%8, pending tasks: 0
naming_6%8, pending tasks: 0
naming_7%8, pending tasks: 0


2025-06-16 16:14:14,612 INFO DISTRO:|0|0|0|

2025-06-16 16:15:14,615 INFO PERFORMANCE:|0|0|0|-1|-1|0|0

2025-06-16 16:15:14,615 INFO Task worker status: 
naming_0%8, pending tasks: 0
naming_1%8, pending tasks: 0
naming_2%8, pending tasks: 0
naming_3%8, pending tasks: 0
naming_4%8, pending tasks: 0
naming_5%8, pending tasks: 0
naming_6%8, pending tasks: 0
naming_7%8, pending tasks: 0


2025-06-16 16:15:14,615 INFO DISTRO:|0|0|0|

2025-06-16 16:16:14,615 INFO PERFORMANCE:|0|0|0|-1|-1|0|0

2025-06-16 16:16:14,615 INFO Task worker status: 
naming_0%8, pending tasks: 0
naming_1%8, pending tasks: 0
naming_2%8, pending tasks: 0
naming_3%8, pending tasks: 0
naming_4%8, pending tasks: 0
naming_5%8, pending tasks: 0
naming_6%8, pending tasks: 0
naming_7%8, pending tasks: 0


2025-06-16 16:16:14,615 INFO DISTRO:|0|0|0|

2025-06-16 16:17:14,619 INFO PERFORMANCE:|0|0|0|-1|-1|0|0

2025-06-16 16:17:14,619 INFO Task worker status: 
naming_0%8, pending tasks: 0
naming_1%8, pending tasks: 0
naming_2%8, pending tasks: 0
naming_3%8, pending tasks: 0
naming_4%8, pending tasks: 0
naming_5%8, pending tasks: 0
naming_6%8, pending tasks: 0
naming_7%8, pending tasks: 0


2025-06-16 16:17:14,619 INFO DISTRO:|0|0|0|

2025-06-16 16:18:14,621 INFO PERFORMANCE:|1|1|0|-1|-1|0|0

2025-06-16 16:18:14,621 INFO Task worker status: 
naming_0%8, pending tasks: 0
naming_1%8, pending tasks: 0
naming_2%8, pending tasks: 0
naming_3%8, pending tasks: 0
naming_4%8, pending tasks: 0
naming_5%8, pending tasks: 0
naming_6%8, pending tasks: 0
naming_7%8, pending tasks: 0


2025-06-16 16:18:14,621 INFO DISTRO:|0|0|0|

2025-06-16 16:19:14,625 INFO PERFORMANCE:|1|1|0|-1|-1|0|0

2025-06-16 16:19:14,625 INFO Task worker status: 
naming_0%8, pending tasks: 0
naming_1%8, pending tasks: 0
naming_2%8, pending tasks: 0
naming_3%8, pending tasks: 0
naming_4%8, pending tasks: 0
naming_5%8, pending tasks: 0
naming_6%8, pending tasks: 0
naming_7%8, pending tasks: 0


2025-06-16 16:19:14,625 INFO DISTRO:|0|0|0|

2025-06-16 16:20:14,628 INFO PERFORMANCE:|1|1|0|-1|-1|0|0

2025-06-16 16:20:14,628 INFO Task worker status: 
naming_0%8, pending tasks: 0
naming_1%8, pending tasks: 0
naming_2%8, pending tasks: 0
naming_3%8, pending tasks: 0
naming_4%8, pending tasks: 0
naming_5%8, pending tasks: 0
naming_6%8, pending tasks: 0
naming_7%8, pending tasks: 0


2025-06-16 16:20:14,628 INFO DISTRO:|0|0|0|

2025-06-16 16:21:14,630 INFO PERFORMANCE:|1|1|0|-1|-1|0|0

2025-06-16 16:21:14,630 INFO Task worker status: 
naming_0%8, pending tasks: 0
naming_1%8, pending tasks: 0
naming_2%8, pending tasks: 0
naming_3%8, pending tasks: 0
naming_4%8, pending tasks: 0
naming_5%8, pending tasks: 0
naming_6%8, pending tasks: 0
naming_7%8, pending tasks: 0


2025-06-16 16:21:14,630 INFO DISTRO:|0|0|0|

2025-06-16 16:22:14,633 INFO PERFORMANCE:|serviceCount|ipCount|subscribeCount|maxPushCost|avgPushCost|totalPushCount|failPushCount

2025-06-16 16:22:14,633 INFO DISTRO:|V1SyncDone|V1SyncFail|V2SyncDone|V2SyncFail|V2VerifyFail|

2025-06-16 16:22:14,633 INFO PERFORMANCE:|1|1|0|-1|-1|0|0

2025-06-16 16:22:14,633 INFO Task worker status: 
naming_0%8, pending tasks: 0
naming_1%8, pending tasks: 0
naming_2%8, pending tasks: 0
naming_3%8, pending tasks: 0
naming_4%8, pending tasks: 0
naming_5%8, pending tasks: 0
naming_6%8, pending tasks: 0
naming_7%8, pending tasks: 0


2025-06-16 16:22:14,633 INFO DISTRO:|0|0|0|

2025-06-16 16:23:14,637 INFO PERFORMANCE:|1|1|0|-1|-1|0|0

2025-06-16 16:23:14,637 INFO Task worker status: 
naming_0%8, pending tasks: 0
naming_1%8, pending tasks: 0
naming_2%8, pending tasks: 0
naming_3%8, pending tasks: 0
naming_4%8, pending tasks: 0
naming_5%8, pending tasks: 0
naming_6%8, pending tasks: 0
naming_7%8, pending tasks: 0


2025-06-16 16:23:14,637 INFO DISTRO:|0|0|0|

2025-06-16 16:24:14,640 INFO PERFORMANCE:|1|1|0|-1|-1|0|0

2025-06-16 16:24:14,640 INFO Task worker status: 
naming_0%8, pending tasks: 0
naming_1%8, pending tasks: 0
naming_2%8, pending tasks: 0
naming_3%8, pending tasks: 0
naming_4%8, pending tasks: 0
naming_5%8, pending tasks: 0
naming_6%8, pending tasks: 0
naming_7%8, pending tasks: 0


2025-06-16 16:24:14,640 INFO DISTRO:|0|0|0|

2025-06-16 16:25:14,643 INFO PERFORMANCE:|1|1|0|-1|-1|0|0

2025-06-16 16:25:14,643 INFO Task worker status: 
naming_0%8, pending tasks: 0
naming_1%8, pending tasks: 0
naming_2%8, pending tasks: 0
naming_3%8, pending tasks: 0
naming_4%8, pending tasks: 0
naming_5%8, pending tasks: 0
naming_6%8, pending tasks: 0
naming_7%8, pending tasks: 0


2025-06-16 16:25:14,643 INFO DISTRO:|0|0|0|

2025-06-16 16:26:14,646 INFO PERFORMANCE:|1|0|0|-1|-1|0|0

2025-06-16 16:26:14,646 INFO Task worker status: 
naming_0%8, pending tasks: 0
naming_1%8, pending tasks: 0
naming_2%8, pending tasks: 0
naming_3%8, pending tasks: 0
naming_4%8, pending tasks: 0
naming_5%8, pending tasks: 0
naming_6%8, pending tasks: 0
naming_7%8, pending tasks: 0


2025-06-16 16:26:14,646 INFO DISTRO:|0|0|0|

2025-06-16 16:27:14,647 INFO PERFORMANCE:|1|1|0|-1|-1|0|0

2025-06-16 16:27:14,647 INFO Task worker status: 
naming_0%8, pending tasks: 0
naming_1%8, pending tasks: 0
naming_2%8, pending tasks: 0
naming_3%8, pending tasks: 0
naming_4%8, pending tasks: 0
naming_5%8, pending tasks: 0
naming_6%8, pending tasks: 0
naming_7%8, pending tasks: 0


2025-06-16 16:27:14,647 INFO DISTRO:|0|0|0|

2025-06-16 16:28:14,648 INFO PERFORMANCE:|1|1|0|-1|-1|0|0

2025-06-16 16:28:14,648 INFO Task worker status: 
naming_0%8, pending tasks: 0
naming_1%8, pending tasks: 0
naming_2%8, pending tasks: 0
naming_3%8, pending tasks: 0
naming_4%8, pending tasks: 0
naming_5%8, pending tasks: 0
naming_6%8, pending tasks: 0
naming_7%8, pending tasks: 0


2025-06-16 16:28:14,648 INFO DISTRO:|0|0|0|

2025-06-16 16:29:14,652 INFO PERFORMANCE:|1|1|0|-1|-1|0|0

2025-06-16 16:29:14,652 INFO Task worker status: 
naming_0%8, pending tasks: 0
naming_1%8, pending tasks: 0
naming_2%8, pending tasks: 0
naming_3%8, pending tasks: 0
naming_4%8, pending tasks: 0
naming_5%8, pending tasks: 0
naming_6%8, pending tasks: 0
naming_7%8, pending tasks: 0


2025-06-16 16:29:14,652 INFO DISTRO:|0|0|0|

2025-06-16 16:30:14,654 INFO PERFORMANCE:|1|1|0|-1|-1|0|0

2025-06-16 16:30:14,654 INFO Task worker status: 
naming_0%8, pending tasks: 0
naming_1%8, pending tasks: 0
naming_2%8, pending tasks: 0
naming_3%8, pending tasks: 0
naming_4%8, pending tasks: 0
naming_5%8, pending tasks: 0
naming_6%8, pending tasks: 0
naming_7%8, pending tasks: 0


2025-06-16 16:30:14,654 INFO DISTRO:|0|0|0|

2025-06-16 16:31:14,656 INFO PERFORMANCE:|1|1|0|-1|-1|0|0

2025-06-16 16:31:14,657 INFO Task worker status: 
naming_0%8, pending tasks: 0
naming_1%8, pending tasks: 0
naming_2%8, pending tasks: 0
naming_3%8, pending tasks: 0
naming_4%8, pending tasks: 0
naming_5%8, pending tasks: 0
naming_6%8, pending tasks: 0
naming_7%8, pending tasks: 0


2025-06-16 16:31:14,657 INFO DISTRO:|0|0|0|

2025-06-16 16:32:14,658 INFO PERFORMANCE:|serviceCount|ipCount|subscribeCount|maxPushCost|avgPushCost|totalPushCount|failPushCount

2025-06-16 16:32:14,658 INFO DISTRO:|V1SyncDone|V1SyncFail|V2SyncDone|V2SyncFail|V2VerifyFail|

2025-06-16 16:32:14,658 INFO PERFORMANCE:|1|1|0|-1|-1|0|0

2025-06-16 16:32:14,658 INFO Task worker status: 
naming_0%8, pending tasks: 0
naming_1%8, pending tasks: 0
naming_2%8, pending tasks: 0
naming_3%8, pending tasks: 0
naming_4%8, pending tasks: 0
naming_5%8, pending tasks: 0
naming_6%8, pending tasks: 0
naming_7%8, pending tasks: 0


2025-06-16 16:32:14,658 INFO DISTRO:|0|0|0|

2025-06-16 16:33:14,660 INFO PERFORMANCE:|1|1|0|-1|-1|0|0

2025-06-16 16:33:14,660 INFO Task worker status: 
naming_0%8, pending tasks: 0
naming_1%8, pending tasks: 0
naming_2%8, pending tasks: 0
naming_3%8, pending tasks: 0
naming_4%8, pending tasks: 0
naming_5%8, pending tasks: 0
naming_6%8, pending tasks: 0
naming_7%8, pending tasks: 0


2025-06-16 16:33:14,660 INFO DISTRO:|0|0|0|

2025-06-16 16:34:14,662 INFO PERFORMANCE:|1|1|0|-1|-1|0|0

2025-06-16 16:34:14,662 INFO Task worker status: 
naming_0%8, pending tasks: 0
naming_1%8, pending tasks: 0
naming_2%8, pending tasks: 0
naming_3%8, pending tasks: 0
naming_4%8, pending tasks: 0
naming_5%8, pending tasks: 0
naming_6%8, pending tasks: 0
naming_7%8, pending tasks: 0


2025-06-16 16:34:14,662 INFO DISTRO:|0|0|0|

2025-06-16 16:35:14,665 INFO PERFORMANCE:|1|1|0|-1|-1|0|0

2025-06-16 16:35:14,665 INFO Task worker status: 
naming_0%8, pending tasks: 0
naming_1%8, pending tasks: 0
naming_2%8, pending tasks: 0
naming_3%8, pending tasks: 0
naming_4%8, pending tasks: 0
naming_5%8, pending tasks: 0
naming_6%8, pending tasks: 0
naming_7%8, pending tasks: 0


2025-06-16 16:35:14,665 INFO DISTRO:|0|0|0|

2025-06-16 16:36:14,665 INFO PERFORMANCE:|1|1|0|-1|-1|0|0

2025-06-16 16:36:14,665 INFO Task worker status: 
naming_0%8, pending tasks: 0
naming_1%8, pending tasks: 0
naming_2%8, pending tasks: 0
naming_3%8, pending tasks: 0
naming_4%8, pending tasks: 0
naming_5%8, pending tasks: 0
naming_6%8, pending tasks: 0
naming_7%8, pending tasks: 0


2025-06-16 16:36:14,665 INFO DISTRO:|0|0|0|

2025-06-16 16:37:14,667 INFO PERFORMANCE:|1|1|0|-1|-1|0|0

2025-06-16 16:37:14,667 INFO Task worker status: 
naming_0%8, pending tasks: 0
naming_1%8, pending tasks: 0
naming_2%8, pending tasks: 0
naming_3%8, pending tasks: 0
naming_4%8, pending tasks: 0
naming_5%8, pending tasks: 0
naming_6%8, pending tasks: 0
naming_7%8, pending tasks: 0


2025-06-16 16:37:14,667 INFO DISTRO:|0|0|0|

2025-06-16 16:38:14,668 INFO PERFORMANCE:|1|1|0|-1|-1|0|0

2025-06-16 16:38:14,668 INFO Task worker status: 
naming_0%8, pending tasks: 0
naming_1%8, pending tasks: 0
naming_2%8, pending tasks: 0
naming_3%8, pending tasks: 0
naming_4%8, pending tasks: 0
naming_5%8, pending tasks: 0
naming_6%8, pending tasks: 0
naming_7%8, pending tasks: 0


2025-06-16 16:38:14,668 INFO DISTRO:|0|0|0|

2025-06-16 16:39:14,669 INFO PERFORMANCE:|1|1|0|-1|-1|0|0

2025-06-16 16:39:14,669 INFO Task worker status: 
naming_0%8, pending tasks: 0
naming_1%8, pending tasks: 0
naming_2%8, pending tasks: 0
naming_3%8, pending tasks: 0
naming_4%8, pending tasks: 0
naming_5%8, pending tasks: 0
naming_6%8, pending tasks: 0
naming_7%8, pending tasks: 0


2025-06-16 16:39:14,669 INFO DISTRO:|0|0|0|

2025-06-16 16:40:14,671 INFO PERFORMANCE:|1|1|0|-1|-1|0|0

2025-06-16 16:40:14,671 INFO Task worker status: 
naming_0%8, pending tasks: 0
naming_1%8, pending tasks: 0
naming_2%8, pending tasks: 0
naming_3%8, pending tasks: 0
naming_4%8, pending tasks: 0
naming_5%8, pending tasks: 0
naming_6%8, pending tasks: 0
naming_7%8, pending tasks: 0


2025-06-16 16:40:14,671 INFO DISTRO:|0|0|0|

2025-06-16 16:41:14,675 INFO PERFORMANCE:|1|1|0|-1|-1|0|0

2025-06-16 16:41:14,675 INFO Task worker status: 
naming_0%8, pending tasks: 0
naming_1%8, pending tasks: 0
naming_2%8, pending tasks: 0
naming_3%8, pending tasks: 0
naming_4%8, pending tasks: 0
naming_5%8, pending tasks: 0
naming_6%8, pending tasks: 0
naming_7%8, pending tasks: 0


2025-06-16 16:41:14,675 INFO DISTRO:|0|0|0|

2025-06-16 16:42:14,677 INFO PERFORMANCE:|serviceCount|ipCount|subscribeCount|maxPushCost|avgPushCost|totalPushCount|failPushCount

2025-06-16 16:42:14,677 INFO DISTRO:|V1SyncDone|V1SyncFail|V2SyncDone|V2SyncFail|V2VerifyFail|

2025-06-16 16:42:14,677 INFO PERFORMANCE:|1|1|0|-1|-1|0|0

2025-06-16 16:42:14,677 INFO Task worker status: 
naming_0%8, pending tasks: 0
naming_1%8, pending tasks: 0
naming_2%8, pending tasks: 0
naming_3%8, pending tasks: 0
naming_4%8, pending tasks: 0
naming_5%8, pending tasks: 0
naming_6%8, pending tasks: 0
naming_7%8, pending tasks: 0


2025-06-16 16:42:14,677 INFO DISTRO:|0|0|0|

2025-06-16 16:43:14,679 INFO PERFORMANCE:|1|1|0|-1|-1|0|0

2025-06-16 16:43:14,679 INFO Task worker status: 
naming_0%8, pending tasks: 0
naming_1%8, pending tasks: 0
naming_2%8, pending tasks: 0
naming_3%8, pending tasks: 0
naming_4%8, pending tasks: 0
naming_5%8, pending tasks: 0
naming_6%8, pending tasks: 0
naming_7%8, pending tasks: 0


2025-06-16 16:43:14,679 INFO DISTRO:|0|0|0|

2025-06-16 16:44:14,680 INFO PERFORMANCE:|1|1|0|-1|-1|0|0

2025-06-16 16:44:14,680 INFO Task worker status: 
naming_0%8, pending tasks: 0
naming_1%8, pending tasks: 0
naming_2%8, pending tasks: 0
naming_3%8, pending tasks: 0
naming_4%8, pending tasks: 0
naming_5%8, pending tasks: 0
naming_6%8, pending tasks: 0
naming_7%8, pending tasks: 0


2025-06-16 16:44:14,680 INFO DISTRO:|0|0|0|

2025-06-16 16:45:14,684 INFO PERFORMANCE:|1|1|0|-1|-1|0|0

2025-06-16 16:45:14,684 INFO Task worker status: 
naming_0%8, pending tasks: 0
naming_1%8, pending tasks: 0
naming_2%8, pending tasks: 0
naming_3%8, pending tasks: 0
naming_4%8, pending tasks: 0
naming_5%8, pending tasks: 0
naming_6%8, pending tasks: 0
naming_7%8, pending tasks: 0


2025-06-16 16:45:14,684 INFO DISTRO:|0|0|0|

2025-06-16 16:46:14,685 INFO PERFORMANCE:|1|1|0|-1|-1|0|0

2025-06-16 16:46:14,685 INFO Task worker status: 
naming_0%8, pending tasks: 0
naming_1%8, pending tasks: 0
naming_2%8, pending tasks: 0
naming_3%8, pending tasks: 0
naming_4%8, pending tasks: 0
naming_5%8, pending tasks: 0
naming_6%8, pending tasks: 0
naming_7%8, pending tasks: 0


2025-06-16 16:46:14,685 INFO DISTRO:|0|0|0|

2025-06-16 16:47:14,686 INFO PERFORMANCE:|1|1|0|-1|-1|0|0

2025-06-16 16:47:14,686 INFO Task worker status: 
naming_0%8, pending tasks: 0
naming_1%8, pending tasks: 0
naming_2%8, pending tasks: 0
naming_3%8, pending tasks: 0
naming_4%8, pending tasks: 0
naming_5%8, pending tasks: 0
naming_6%8, pending tasks: 0
naming_7%8, pending tasks: 0


2025-06-16 16:47:14,686 INFO DISTRO:|0|0|0|

2025-06-16 16:48:14,687 INFO PERFORMANCE:|1|1|0|-1|-1|0|0

2025-06-16 16:48:14,687 INFO Task worker status: 
naming_0%8, pending tasks: 0
naming_1%8, pending tasks: 0
naming_2%8, pending tasks: 0
naming_3%8, pending tasks: 0
naming_4%8, pending tasks: 0
naming_5%8, pending tasks: 0
naming_6%8, pending tasks: 0
naming_7%8, pending tasks: 0


2025-06-16 16:48:14,687 INFO DISTRO:|0|0|0|

2025-06-16 16:49:14,690 INFO PERFORMANCE:|1|1|0|-1|-1|0|0

2025-06-16 16:49:14,690 INFO Task worker status: 
naming_0%8, pending tasks: 0
naming_1%8, pending tasks: 0
naming_2%8, pending tasks: 0
naming_3%8, pending tasks: 0
naming_4%8, pending tasks: 0
naming_5%8, pending tasks: 0
naming_6%8, pending tasks: 0
naming_7%8, pending tasks: 0


2025-06-16 16:49:14,690 INFO DISTRO:|0|0|0|

2025-06-16 16:50:14,692 INFO PERFORMANCE:|1|1|0|-1|-1|0|0

2025-06-16 16:50:14,692 INFO Task worker status: 
naming_0%8, pending tasks: 0
naming_1%8, pending tasks: 0
naming_2%8, pending tasks: 0
naming_3%8, pending tasks: 0
naming_4%8, pending tasks: 0
naming_5%8, pending tasks: 0
naming_6%8, pending tasks: 0
naming_7%8, pending tasks: 0


2025-06-16 16:50:14,692 INFO DISTRO:|0|0|0|

2025-06-16 16:51:14,695 INFO PERFORMANCE:|1|1|0|-1|-1|0|0

2025-06-16 16:51:14,695 INFO Task worker status: 
naming_0%8, pending tasks: 0
naming_1%8, pending tasks: 0
naming_2%8, pending tasks: 0
naming_3%8, pending tasks: 0
naming_4%8, pending tasks: 0
naming_5%8, pending tasks: 0
naming_6%8, pending tasks: 0
naming_7%8, pending tasks: 0


2025-06-16 16:51:14,695 INFO DISTRO:|0|0|0|

2025-06-16 16:52:14,701 INFO PERFORMANCE:|serviceCount|ipCount|subscribeCount|maxPushCost|avgPushCost|totalPushCount|failPushCount

2025-06-16 16:52:14,701 INFO DISTRO:|V1SyncDone|V1SyncFail|V2SyncDone|V2SyncFail|V2VerifyFail|

2025-06-16 16:52:14,701 INFO PERFORMANCE:|1|1|0|-1|-1|0|0

2025-06-16 16:52:14,701 INFO Task worker status: 
naming_0%8, pending tasks: 0
naming_1%8, pending tasks: 0
naming_2%8, pending tasks: 0
naming_3%8, pending tasks: 0
naming_4%8, pending tasks: 0
naming_5%8, pending tasks: 0
naming_6%8, pending tasks: 0
naming_7%8, pending tasks: 0


2025-06-16 16:52:14,701 INFO DISTRO:|0|0|0|

